<?xml version="1.0" encoding="UTF-8"?>
<testng-results ignored="0" total="61" passed="59" failed="2" skipped="0">
  <reporter-output>
  </reporter-output>
  <suite started-at="2024-07-20T15:41:53 IDT" name="All Test Suite" finished-at="2024-07-20T15:43:52 IDT" duration-ms="119414">
    <groups>
    </groups>
    <test started-at="2024-07-20T15:41:53 IDT" name="automated-ui" finished-at="2024-07-20T15:43:52 IDT" duration-ms="119414">
      <class name="com.evy.tests.EndToEndTest">
        <test-method is-config="true" signature="setup()[pri:0, instance:com.evy.tests.EndToEndTest@15888343]" started-at="2024-07-20T15:42:35 IDT" name="setup" finished-at="2024-07-20T15:42:39 IDT" duration-ms="3259" status="PASS">
          <reporter-output>
          </reporter-output>
        </test-method> <!-- setup -->
        <test-method signature="testUserEnd2EndJourney(java.lang.String,java.lang.String,java.lang.String,java.lang.String,java.lang.String,java.lang.String,java.lang.String,java.lang.String,java.lang.String)[pri:0, instance:com.evy.tests.EndToEndTest@15888343]" started-at="2024-07-20T15:42:39 IDT" name="testUserEnd2EndJourney" data-provider="endToEndDataProvider" finished-at="2024-07-20T15:43:02 IDT" duration-ms="22953" status="PASS">
          <params>
            <param index="0">
              <value>
                <![CDATA[John]]>
              </value>
            </param>
            <param index="1">
              <value>
                <![CDATA[Doe]]>
              </value>
            </param>
            <param index="2">
              <value>
                <![CDATA[randall.heaney@yahoo.com]]>
              </value>
            </param>
            <param index="3">
              <value>
                <![CDATA[Password123]]>
              </value>
            </param>
            <param index="4">
              <value>
                <![CDATA[Israel]]>
              </value>
            </param>
            <param index="5">
              <value>
                <![CDATA[123 Main St]]>
              </value>
            </param>
            <param index="6">
              <value>
                <![CDATA[Tel Aviv]]>
              </value>
            </param>
            <param index="7">
              <value>
                <![CDATA[12345]]>
              </value>
            </param>
            <param index="8">
              <value>
                <![CDATA[0501234567]]>
              </value>
            </param>
          </params>
          <reporter-output>
          </reporter-output>
        </test-method> <!-- testUserEnd2EndJourney -->
        <test-method is-config="true" signature="tearDown()[pri:0, instance:com.evy.tests.EndToEndTest@15888343]" started-at="2024-07-20T15:43:02 IDT" name="tearDown" finished-at="2024-07-20T15:43:02 IDT" duration-ms="116" status="PASS">
          <reporter-output>
          </reporter-output>
        </test-method> <!-- tearDown -->
      </class> <!-- com.evy.tests.EndToEndTest -->
      <class name="com.evy.tests.ProductDropdownTest">
        <test-method is-config="true" signature="setup()[pri:0, instance:com.evy.tests.ProductDropdownTest@5e7cd6cc]" started-at="2024-07-20T15:41:53 IDT" name="setup" finished-at="2024-07-20T15:42:01 IDT" duration-ms="8232" status="PASS">
          <reporter-output>
          </reporter-output>
        </test-method> <!-- setup -->
        <test-method signature="testUserSelectCategoriesFromProductDropdown(java.lang.String,java.lang.String,java.lang.String,java.lang.String)[pri:0, instance:com.evy.tests.ProductDropdownTest@5e7cd6cc]" started-at="2024-07-20T15:42:01 IDT" name="testUserSelectCategoriesFromProductDropdown" data-provider="productDropdownData" finished-at="2024-07-20T15:42:03 IDT" duration-ms="1680" status="PASS">
          <params>
            <param index="0">
              <value>
                <![CDATA[Women]]>
              </value>
            </param>
            <param index="1">
              <value>
                <![CDATA[]]>
              </value>
            </param>
            <param index="2">
              <value>
                <![CDATA[]]>
              </value>
            </param>
            <param index="3">
              <value>
                <![CDATA[/women.html]]>
              </value>
            </param>
          </params>
          <reporter-output>
          </reporter-output>
        </test-method> <!-- testUserSelectCategoriesFromProductDropdown -->
        <test-method is-config="true" signature="tearDown()[pri:0, instance:com.evy.tests.ProductDropdownTest@5e7cd6cc]" started-at="2024-07-20T15:42:03 IDT" name="tearDown" finished-at="2024-07-20T15:42:04 IDT" duration-ms="652" status="PASS">
          <reporter-output>
          </reporter-output>
        </test-method> <!-- tearDown -->
        <test-method is-config="true" signature="setup()[pri:0, instance:com.evy.tests.ProductDropdownTest@5e7cd6cc]" started-at="2024-07-20T15:42:04 IDT" name="setup" finished-at="2024-07-20T15:42:07 IDT" duration-ms="2974" status="PASS">
          <reporter-output>
          </reporter-output>
        </test-method> <!-- setup -->
        <test-method signature="testUserSelectCategoriesFromProductDropdown(java.lang.String,java.lang.String,java.lang.String,java.lang.String)[pri:0, instance:com.evy.tests.ProductDropdownTest@5e7cd6cc]" started-at="2024-07-20T15:42:07 IDT" name="testUserSelectCategoriesFromProductDropdown" data-provider="productDropdownData" finished-at="2024-07-20T15:42:08 IDT" duration-ms="1408" status="PASS">
          <params>
            <param index="0">
              <value>
                <![CDATA[Men]]>
              </value>
            </param>
            <param index="1">
              <value>
                <![CDATA[]]>
              </value>
            </param>
            <param index="2">
              <value>
                <![CDATA[]]>
              </value>
            </param>
            <param index="3">
              <value>
                <![CDATA[/men.html]]>
              </value>
            </param>
          </params>
          <reporter-output>
          </reporter-output>
        </test-method> <!-- testUserSelectCategoriesFromProductDropdown -->
        <test-method is-config="true" signature="tearDown()[pri:0, instance:com.evy.tests.ProductDropdownTest@5e7cd6cc]" started-at="2024-07-20T15:42:08 IDT" name="tearDown" finished-at="2024-07-20T15:42:08 IDT" duration-ms="132" status="PASS">
          <reporter-output>
          </reporter-output>
        </test-method> <!-- tearDown -->
        <test-method is-config="true" signature="setup()[pri:0, instance:com.evy.tests.ProductDropdownTest@5e7cd6cc]" started-at="2024-07-20T15:42:08 IDT" name="setup" finished-at="2024-07-20T15:42:12 IDT" duration-ms="3397" status="PASS">
          <reporter-output>
          </reporter-output>
        </test-method> <!-- setup -->
        <test-method signature="testUserSelectCategoriesFromProductDropdown(java.lang.String,java.lang.String,java.lang.String,java.lang.String)[pri:0, instance:com.evy.tests.ProductDropdownTest@5e7cd6cc]" started-at="2024-07-20T15:42:12 IDT" name="testUserSelectCategoriesFromProductDropdown" data-provider="productDropdownData" finished-at="2024-07-20T15:42:13 IDT" duration-ms="982" status="PASS">
          <params>
            <param index="0">
              <value>
                <![CDATA[Gear]]>
              </value>
            </param>
            <param index="1">
              <value>
                <![CDATA[]]>
              </value>
            </param>
            <param index="2">
              <value>
                <![CDATA[]]>
              </value>
            </param>
            <param index="3">
              <value>
                <![CDATA[/gear.html]]>
              </value>
            </param>
          </params>
          <reporter-output>
          </reporter-output>
        </test-method> <!-- testUserSelectCategoriesFromProductDropdown -->
        <test-method is-config="true" signature="tearDown()[pri:0, instance:com.evy.tests.ProductDropdownTest@5e7cd6cc]" started-at="2024-07-20T15:42:13 IDT" name="tearDown" finished-at="2024-07-20T15:42:13 IDT" duration-ms="149" status="PASS">
          <reporter-output>
          </reporter-output>
        </test-method> <!-- tearDown -->
        <test-method is-config="true" signature="setup()[pri:0, instance:com.evy.tests.ProductDropdownTest@5e7cd6cc]" started-at="2024-07-20T15:42:13 IDT" name="setup" finished-at="2024-07-20T15:42:16 IDT" duration-ms="2789" status="PASS">
          <reporter-output>
          </reporter-output>
        </test-method> <!-- setup -->
        <test-method signature="testUserSelectCategoriesFromProductDropdown(java.lang.String,java.lang.String,java.lang.String,java.lang.String)[pri:0, instance:com.evy.tests.ProductDropdownTest@5e7cd6cc]" started-at="2024-07-20T15:42:16 IDT" name="testUserSelectCategoriesFromProductDropdown" data-provider="productDropdownData" finished-at="2024-07-20T15:42:18 IDT" duration-ms="2042" status="PASS">
          <params>
            <param index="0">
              <value>
                <![CDATA[Training]]>
              </value>
            </param>
            <param index="1">
              <value>
                <![CDATA[]]>
              </value>
            </param>
            <param index="2">
              <value>
                <![CDATA[]]>
              </value>
            </param>
            <param index="3">
              <value>
                <![CDATA[/training.html]]>
              </value>
            </param>
          </params>
          <reporter-output>
          </reporter-output>
        </test-method> <!-- testUserSelectCategoriesFromProductDropdown -->
        <test-method is-config="true" signature="tearDown()[pri:0, instance:com.evy.tests.ProductDropdownTest@5e7cd6cc]" started-at="2024-07-20T15:42:18 IDT" name="tearDown" finished-at="2024-07-20T15:42:18 IDT" duration-ms="262" status="PASS">
          <reporter-output>
          </reporter-output>
        </test-method> <!-- tearDown -->
        <test-method is-config="true" signature="setup()[pri:0, instance:com.evy.tests.ProductDropdownTest@5e7cd6cc]" started-at="2024-07-20T15:42:18 IDT" name="setup" finished-at="2024-07-20T15:42:21 IDT" duration-ms="2997" status="PASS">
          <reporter-output>
          </reporter-output>
        </test-method> <!-- setup -->
        <test-method signature="testUserSelectCategoriesFromProductDropdown(java.lang.String,java.lang.String,java.lang.String,java.lang.String)[pri:0, instance:com.evy.tests.ProductDropdownTest@5e7cd6cc]" started-at="2024-07-20T15:42:21 IDT" name="testUserSelectCategoriesFromProductDropdown" data-provider="productDropdownData" finished-at="2024-07-20T15:42:23 IDT" duration-ms="1591" status="PASS">
          <params>
            <param index="0">
              <value>
                <![CDATA[Sale]]>
              </value>
            </param>
            <param index="1">
              <value>
                <![CDATA[]]>
              </value>
            </param>
            <param index="2">
              <value>
                <![CDATA[]]>
              </value>
            </param>
            <param index="3">
              <value>
                <![CDATA[/sale.html]]>
              </value>
            </param>
          </params>
          <reporter-output>
          </reporter-output>
        </test-method> <!-- testUserSelectCategoriesFromProductDropdown -->
        <test-method is-config="true" signature="tearDown()[pri:0, instance:com.evy.tests.ProductDropdownTest@5e7cd6cc]" started-at="2024-07-20T15:42:23 IDT" name="tearDown" finished-at="2024-07-20T15:42:23 IDT" duration-ms="92" status="PASS">
          <reporter-output>
          </reporter-output>
        </test-method> <!-- tearDown -->
        <test-method is-config="true" signature="setup()[pri:0, instance:com.evy.tests.ProductDropdownTest@5e7cd6cc]" started-at="2024-07-20T15:42:23 IDT" name="setup" finished-at="2024-07-20T15:42:24 IDT" duration-ms="1263" status="PASS">
          <reporter-output>
          </reporter-output>
        </test-method> <!-- setup -->
        <test-method signature="testUserSelectCategoriesFromProductDropdown(java.lang.String,java.lang.String,java.lang.String,java.lang.String)[pri:0, instance:com.evy.tests.ProductDropdownTest@5e7cd6cc]" started-at="2024-07-20T15:42:24 IDT" name="testUserSelectCategoriesFromProductDropdown" data-provider="productDropdownData" finished-at="2024-07-20T15:42:27 IDT" duration-ms="2937" status="PASS">
          <params>
            <param index="0">
              <value>
                <![CDATA[Women]]>
              </value>
            </param>
            <param index="1">
              <value>
                <![CDATA[Tops]]>
              </value>
            </param>
            <param index="2">
              <value>
                <![CDATA[]]>
              </value>
            </param>
            <param index="3">
              <value>
                <![CDATA[/women/tops-women.html]]>
              </value>
            </param>
          </params>
          <reporter-output>
          </reporter-output>
        </test-method> <!-- testUserSelectCategoriesFromProductDropdown -->
        <test-method is-config="true" signature="tearDown()[pri:0, instance:com.evy.tests.ProductDropdownTest@5e7cd6cc]" started-at="2024-07-20T15:42:27 IDT" name="tearDown" finished-at="2024-07-20T15:42:27 IDT" duration-ms="107" status="PASS">
          <reporter-output>
          </reporter-output>
        </test-method> <!-- tearDown -->
        <test-method is-config="true" signature="setup()[pri:0, instance:com.evy.tests.ProductDropdownTest@5e7cd6cc]" started-at="2024-07-20T15:42:27 IDT" name="setup" finished-at="2024-07-20T15:42:30 IDT" duration-ms="2548" status="PASS">
          <reporter-output>
          </reporter-output>
        </test-method> <!-- setup -->
        <test-method signature="testUserSelectCategoriesFromProductDropdown(java.lang.String,java.lang.String,java.lang.String,java.lang.String)[pri:0, instance:com.evy.tests.ProductDropdownTest@5e7cd6cc]" started-at="2024-07-20T15:42:30 IDT" name="testUserSelectCategoriesFromProductDropdown" data-provider="productDropdownData" finished-at="2024-07-20T15:42:32 IDT" duration-ms="2622" status="PASS">
          <params>
            <param index="0">
              <value>
                <![CDATA[Women]]>
              </value>
            </param>
            <param index="1">
              <value>
                <![CDATA[Bottoms]]>
              </value>
            </param>
            <param index="2">
              <value>
                <![CDATA[]]>
              </value>
            </param>
            <param index="3">
              <value>
                <![CDATA[/women/bottoms-women.html]]>
              </value>
            </param>
          </params>
          <reporter-output>
          </reporter-output>
        </test-method> <!-- testUserSelectCategoriesFromProductDropdown -->
        <test-method is-config="true" signature="tearDown()[pri:0, instance:com.evy.tests.ProductDropdownTest@5e7cd6cc]" started-at="2024-07-20T15:42:32 IDT" name="tearDown" finished-at="2024-07-20T15:42:32 IDT" duration-ms="190" status="PASS">
          <reporter-output>
          </reporter-output>
        </test-method> <!-- tearDown -->
        <test-method is-config="true" signature="setup()[pri:0, instance:com.evy.tests.ProductDropdownTest@5e7cd6cc]" started-at="2024-07-20T15:42:32 IDT" name="setup" finished-at="2024-07-20T15:42:36 IDT" duration-ms="3262" status="PASS">
          <reporter-output>
          </reporter-output>
        </test-method> <!-- setup -->
        <test-method signature="testUserSelectCategoriesFromProductDropdown(java.lang.String,java.lang.String,java.lang.String,java.lang.String)[pri:0, instance:com.evy.tests.ProductDropdownTest@5e7cd6cc]" started-at="2024-07-20T15:42:36 IDT" name="testUserSelectCategoriesFromProductDropdown" data-provider="productDropdownData" finished-at="2024-07-20T15:42:38 IDT" duration-ms="1992" status="PASS">
          <params>
            <param index="0">
              <value>
                <![CDATA[Men]]>
              </value>
            </param>
            <param index="1">
              <value>
                <![CDATA[Tops]]>
              </value>
            </param>
            <param index="2">
              <value>
                <![CDATA[]]>
              </value>
            </param>
            <param index="3">
              <value>
                <![CDATA[/men/tops-men.html]]>
              </value>
            </param>
          </params>
          <reporter-output>
          </reporter-output>
        </test-method> <!-- testUserSelectCategoriesFromProductDropdown -->
        <test-method is-config="true" signature="tearDown()[pri:0, instance:com.evy.tests.ProductDropdownTest@5e7cd6cc]" started-at="2024-07-20T15:42:38 IDT" name="tearDown" finished-at="2024-07-20T15:42:38 IDT" duration-ms="125" status="PASS">
          <reporter-output>
          </reporter-output>
        </test-method> <!-- tearDown -->
        <test-method is-config="true" signature="setup()[pri:0, instance:com.evy.tests.ProductDropdownTest@5e7cd6cc]" started-at="2024-07-20T15:42:38 IDT" name="setup" finished-at="2024-07-20T15:42:41 IDT" duration-ms="3271" status="PASS">
          <reporter-output>
          </reporter-output>
        </test-method> <!-- setup -->
        <test-method signature="testUserSelectCategoriesFromProductDropdown(java.lang.String,java.lang.String,java.lang.String,java.lang.String)[pri:0, instance:com.evy.tests.ProductDropdownTest@5e7cd6cc]" started-at="2024-07-20T15:42:41 IDT" name="testUserSelectCategoriesFromProductDropdown" data-provider="productDropdownData" finished-at="2024-07-20T15:42:42 IDT" duration-ms="981" status="PASS">
          <params>
            <param index="0">
              <value>
                <![CDATA[Men]]>
              </value>
            </param>
            <param index="1">
              <value>
                <![CDATA[Bottoms]]>
              </value>
            </param>
            <param index="2">
              <value>
                <![CDATA[]]>
              </value>
            </param>
            <param index="3">
              <value>
                <![CDATA[/men/bottoms-men.html]]>
              </value>
            </param>
          </params>
          <reporter-output>
          </reporter-output>
        </test-method> <!-- testUserSelectCategoriesFromProductDropdown -->
        <test-method is-config="true" signature="tearDown()[pri:0, instance:com.evy.tests.ProductDropdownTest@5e7cd6cc]" started-at="2024-07-20T15:42:42 IDT" name="tearDown" finished-at="2024-07-20T15:42:42 IDT" duration-ms="293" status="PASS">
          <reporter-output>
          </reporter-output>
        </test-method> <!-- tearDown -->
        <test-method is-config="true" signature="setup()[pri:0, instance:com.evy.tests.ProductDropdownTest@5e7cd6cc]" started-at="2024-07-20T15:42:42 IDT" name="setup" finished-at="2024-07-20T15:42:45 IDT" duration-ms="2310" status="PASS">
          <reporter-output>
          </reporter-output>
        </test-method> <!-- setup -->
        <test-method signature="testUserSelectCategoriesFromProductDropdown(java.lang.String,java.lang.String,java.lang.String,java.lang.String)[pri:0, instance:com.evy.tests.ProductDropdownTest@5e7cd6cc]" started-at="2024-07-20T15:42:45 IDT" name="testUserSelectCategoriesFromProductDropdown" data-provider="productDropdownData" finished-at="2024-07-20T15:42:46 IDT" duration-ms="1209" status="PASS">
          <params>
            <param index="0">
              <value>
                <![CDATA[Gear]]>
              </value>
            </param>
            <param index="1">
              <value>
                <![CDATA[Bags]]>
              </value>
            </param>
            <param index="2">
              <value>
                <![CDATA[]]>
              </value>
            </param>
            <param index="3">
              <value>
                <![CDATA[/gear/bags.html]]>
              </value>
            </param>
          </params>
          <reporter-output>
          </reporter-output>
        </test-method> <!-- testUserSelectCategoriesFromProductDropdown -->
        <test-method is-config="true" signature="tearDown()[pri:0, instance:com.evy.tests.ProductDropdownTest@5e7cd6cc]" started-at="2024-07-20T15:42:46 IDT" name="tearDown" finished-at="2024-07-20T15:42:46 IDT" duration-ms="114" status="PASS">
          <reporter-output>
          </reporter-output>
        </test-method> <!-- tearDown -->
        <test-method is-config="true" signature="setup()[pri:0, instance:com.evy.tests.ProductDropdownTest@5e7cd6cc]" started-at="2024-07-20T15:42:46 IDT" name="setup" finished-at="2024-07-20T15:42:49 IDT" duration-ms="2769" status="PASS">
          <reporter-output>
          </reporter-output>
        </test-method> <!-- setup -->
        <test-method signature="testUserSelectCategoriesFromProductDropdown(java.lang.String,java.lang.String,java.lang.String,java.lang.String)[pri:0, instance:com.evy.tests.ProductDropdownTest@5e7cd6cc]" started-at="2024-07-20T15:42:49 IDT" name="testUserSelectCategoriesFromProductDropdown" data-provider="productDropdownData" finished-at="2024-07-20T15:42:50 IDT" duration-ms="1179" status="PASS">
          <params>
            <param index="0">
              <value>
                <![CDATA[Gear]]>
              </value>
            </param>
            <param index="1">
              <value>
                <![CDATA[Fitness Equipment]]>
              </value>
            </param>
            <param index="2">
              <value>
                <![CDATA[]]>
              </value>
            </param>
            <param index="3">
              <value>
                <![CDATA[/gear/fitness-equipment.html]]>
              </value>
            </param>
          </params>
          <reporter-output>
          </reporter-output>
        </test-method> <!-- testUserSelectCategoriesFromProductDropdown -->
        <test-method is-config="true" signature="tearDown()[pri:0, instance:com.evy.tests.ProductDropdownTest@5e7cd6cc]" started-at="2024-07-20T15:42:50 IDT" name="tearDown" finished-at="2024-07-20T15:42:50 IDT" duration-ms="84" status="PASS">
          <reporter-output>
          </reporter-output>
        </test-method> <!-- tearDown -->
        <test-method is-config="true" signature="setup()[pri:0, instance:com.evy.tests.ProductDropdownTest@5e7cd6cc]" started-at="2024-07-20T15:42:50 IDT" name="setup" finished-at="2024-07-20T15:42:53 IDT" duration-ms="2665" status="PASS">
          <reporter-output>
          </reporter-output>
        </test-method> <!-- setup -->
        <test-method signature="testUserSelectCategoriesFromProductDropdown(java.lang.String,java.lang.String,java.lang.String,java.lang.String)[pri:0, instance:com.evy.tests.ProductDropdownTest@5e7cd6cc]" started-at="2024-07-20T15:42:53 IDT" name="testUserSelectCategoriesFromProductDropdown" data-provider="productDropdownData" finished-at="2024-07-20T15:42:54 IDT" duration-ms="1080" status="PASS">
          <params>
            <param index="0">
              <value>
                <![CDATA[Gear]]>
              </value>
            </param>
            <param index="1">
              <value>
                <![CDATA[Watches]]>
              </value>
            </param>
            <param index="2">
              <value>
                <![CDATA[]]>
              </value>
            </param>
            <param index="3">
              <value>
                <![CDATA[/gear/watches.html]]>
              </value>
            </param>
          </params>
          <reporter-output>
          </reporter-output>
        </test-method> <!-- testUserSelectCategoriesFromProductDropdown -->
        <test-method is-config="true" signature="tearDown()[pri:0, instance:com.evy.tests.ProductDropdownTest@5e7cd6cc]" started-at="2024-07-20T15:42:54 IDT" name="tearDown" finished-at="2024-07-20T15:42:54 IDT" duration-ms="137" status="PASS">
          <reporter-output>
          </reporter-output>
        </test-method> <!-- tearDown -->
        <test-method is-config="true" signature="setup()[pri:0, instance:com.evy.tests.ProductDropdownTest@5e7cd6cc]" started-at="2024-07-20T15:42:54 IDT" name="setup" finished-at="2024-07-20T15:42:57 IDT" duration-ms="2711" status="PASS">
          <reporter-output>
          </reporter-output>
        </test-method> <!-- setup -->
        <test-method signature="testUserSelectCategoriesFromProductDropdown(java.lang.String,java.lang.String,java.lang.String,java.lang.String)[pri:0, instance:com.evy.tests.ProductDropdownTest@5e7cd6cc]" started-at="2024-07-20T15:42:57 IDT" name="testUserSelectCategoriesFromProductDropdown" data-provider="productDropdownData" finished-at="2024-07-20T15:42:58 IDT" duration-ms="943" status="PASS">
          <params>
            <param index="0">
              <value>
                <![CDATA[Training]]>
              </value>
            </param>
            <param index="1">
              <value>
                <![CDATA[Video Download]]>
              </value>
            </param>
            <param index="2">
              <value>
                <![CDATA[]]>
              </value>
            </param>
            <param index="3">
              <value>
                <![CDATA[/training/training-video.html]]>
              </value>
            </param>
          </params>
          <reporter-output>
          </reporter-output>
        </test-method> <!-- testUserSelectCategoriesFromProductDropdown -->
        <test-method is-config="true" signature="tearDown()[pri:0, instance:com.evy.tests.ProductDropdownTest@5e7cd6cc]" started-at="2024-07-20T15:42:58 IDT" name="tearDown" finished-at="2024-07-20T15:42:58 IDT" duration-ms="107" status="PASS">
          <reporter-output>
          </reporter-output>
        </test-method> <!-- tearDown -->
        <test-method is-config="true" signature="setup()[pri:0, instance:com.evy.tests.ProductDropdownTest@5e7cd6cc]" started-at="2024-07-20T15:42:58 IDT" name="setup" finished-at="2024-07-20T15:43:00 IDT" duration-ms="2130" status="PASS">
          <reporter-output>
          </reporter-output>
        </test-method> <!-- setup -->
        <test-method signature="testUserSelectCategoriesFromProductDropdown(java.lang.String,java.lang.String,java.lang.String,java.lang.String)[pri:0, instance:com.evy.tests.ProductDropdownTest@5e7cd6cc]" started-at="2024-07-20T15:43:00 IDT" name="testUserSelectCategoriesFromProductDropdown" data-provider="productDropdownData" finished-at="2024-07-20T15:43:01 IDT" duration-ms="1527" status="PASS">
          <params>
            <param index="0">
              <value>
                <![CDATA[Women]]>
              </value>
            </param>
            <param index="1">
              <value>
                <![CDATA[Tops]]>
              </value>
            </param>
            <param index="2">
              <value>
                <![CDATA[Jackets]]>
              </value>
            </param>
            <param index="3">
              <value>
                <![CDATA[/women/tops-women/jackets-women.html]]>
              </value>
            </param>
          </params>
          <reporter-output>
          </reporter-output>
        </test-method> <!-- testUserSelectCategoriesFromProductDropdown -->
        <test-method is-config="true" signature="tearDown()[pri:0, instance:com.evy.tests.ProductDropdownTest@5e7cd6cc]" started-at="2024-07-20T15:43:01 IDT" name="tearDown" finished-at="2024-07-20T15:43:01 IDT" duration-ms="105" status="PASS">
          <reporter-output>
          </reporter-output>
        </test-method> <!-- tearDown -->
        <test-method is-config="true" signature="setup()[pri:0, instance:com.evy.tests.ProductDropdownTest@5e7cd6cc]" started-at="2024-07-20T15:43:01 IDT" name="setup" finished-at="2024-07-20T15:43:04 IDT" duration-ms="3035" status="PASS">
          <reporter-output>
          </reporter-output>
        </test-method> <!-- setup -->
        <test-method signature="testUserSelectCategoriesFromProductDropdown(java.lang.String,java.lang.String,java.lang.String,java.lang.String)[pri:0, instance:com.evy.tests.ProductDropdownTest@5e7cd6cc]" started-at="2024-07-20T15:43:05 IDT" name="testUserSelectCategoriesFromProductDropdown" data-provider="productDropdownData" finished-at="2024-07-20T15:43:06 IDT" duration-ms="1311" status="PASS">
          <params>
            <param index="0">
              <value>
                <![CDATA[Women]]>
              </value>
            </param>
            <param index="1">
              <value>
                <![CDATA[Tops]]>
              </value>
            </param>
            <param index="2">
              <value>
                <![CDATA[Hoodies & Sweatshirts]]>
              </value>
            </param>
            <param index="3">
              <value>
                <![CDATA[women/tops-women/hoodies-and-sweatshirts-women.html]]>
              </value>
            </param>
          </params>
          <reporter-output>
          </reporter-output>
        </test-method> <!-- testUserSelectCategoriesFromProductDropdown -->
        <test-method is-config="true" signature="tearDown()[pri:0, instance:com.evy.tests.ProductDropdownTest@5e7cd6cc]" started-at="2024-07-20T15:43:06 IDT" name="tearDown" finished-at="2024-07-20T15:43:06 IDT" duration-ms="104" status="PASS">
          <reporter-output>
          </reporter-output>
        </test-method> <!-- tearDown -->
        <test-method is-config="true" signature="setup()[pri:0, instance:com.evy.tests.ProductDropdownTest@5e7cd6cc]" started-at="2024-07-20T15:43:06 IDT" name="setup" finished-at="2024-07-20T15:43:09 IDT" duration-ms="2804" status="PASS">
          <reporter-output>
          </reporter-output>
        </test-method> <!-- setup -->
        <test-method signature="testUserSelectCategoriesFromProductDropdown(java.lang.String,java.lang.String,java.lang.String,java.lang.String)[pri:0, instance:com.evy.tests.ProductDropdownTest@5e7cd6cc]" started-at="2024-07-20T15:43:09 IDT" name="testUserSelectCategoriesFromProductDropdown" data-provider="productDropdownData" finished-at="2024-07-20T15:43:10 IDT" duration-ms="1560" status="PASS">
          <params>
            <param index="0">
              <value>
                <![CDATA[Women]]>
              </value>
            </param>
            <param index="1">
              <value>
                <![CDATA[Tops]]>
              </value>
            </param>
            <param index="2">
              <value>
                <![CDATA[Tees]]>
              </value>
            </param>
            <param index="3">
              <value>
                <![CDATA[/women/tops-women/tees-women.html]]>
              </value>
            </param>
          </params>
          <reporter-output>
          </reporter-output>
        </test-method> <!-- testUserSelectCategoriesFromProductDropdown -->
        <test-method is-config="true" signature="tearDown()[pri:0, instance:com.evy.tests.ProductDropdownTest@5e7cd6cc]" started-at="2024-07-20T15:43:10 IDT" name="tearDown" finished-at="2024-07-20T15:43:10 IDT" duration-ms="112" status="PASS">
          <reporter-output>
          </reporter-output>
        </test-method> <!-- tearDown -->
        <test-method is-config="true" signature="setup()[pri:0, instance:com.evy.tests.ProductDropdownTest@5e7cd6cc]" started-at="2024-07-20T15:43:10 IDT" name="setup" finished-at="2024-07-20T15:43:13 IDT" duration-ms="2557" status="PASS">
          <reporter-output>
          </reporter-output>
        </test-method> <!-- setup -->
        <test-method signature="testUserSelectCategoriesFromProductDropdown(java.lang.String,java.lang.String,java.lang.String,java.lang.String)[pri:0, instance:com.evy.tests.ProductDropdownTest@5e7cd6cc]" started-at="2024-07-20T15:43:13 IDT" name="testUserSelectCategoriesFromProductDropdown" data-provider="productDropdownData" finished-at="2024-07-20T15:43:14 IDT" duration-ms="1535" status="PASS">
          <params>
            <param index="0">
              <value>
                <![CDATA[Women]]>
              </value>
            </param>
            <param index="1">
              <value>
                <![CDATA[Tops]]>
              </value>
            </param>
            <param index="2">
              <value>
                <![CDATA[Bras & Tanks]]>
              </value>
            </param>
            <param index="3">
              <value>
                <![CDATA[/women/tops-women/tanks-women.html]]>
              </value>
            </param>
          </params>
          <reporter-output>
          </reporter-output>
        </test-method> <!-- testUserSelectCategoriesFromProductDropdown -->
        <test-method is-config="true" signature="tearDown()[pri:0, instance:com.evy.tests.ProductDropdownTest@5e7cd6cc]" started-at="2024-07-20T15:43:14 IDT" name="tearDown" finished-at="2024-07-20T15:43:15 IDT" duration-ms="126" status="PASS">
          <reporter-output>
          </reporter-output>
        </test-method> <!-- tearDown -->
        <test-method is-config="true" signature="setup()[pri:0, instance:com.evy.tests.ProductDropdownTest@5e7cd6cc]" started-at="2024-07-20T15:43:15 IDT" name="setup" finished-at="2024-07-20T15:43:17 IDT" duration-ms="2763" status="PASS">
          <reporter-output>
          </reporter-output>
        </test-method> <!-- setup -->
        <test-method signature="testUserSelectCategoriesFromProductDropdown(java.lang.String,java.lang.String,java.lang.String,java.lang.String)[pri:0, instance:com.evy.tests.ProductDropdownTest@5e7cd6cc]" started-at="2024-07-20T15:43:17 IDT" name="testUserSelectCategoriesFromProductDropdown" data-provider="productDropdownData" finished-at="2024-07-20T15:43:19 IDT" duration-ms="2005" status="PASS">
          <params>
            <param index="0">
              <value>
                <![CDATA[Women]]>
              </value>
            </param>
            <param index="1">
              <value>
                <![CDATA[Bottoms]]>
              </value>
            </param>
            <param index="2">
              <value>
                <![CDATA[Pants]]>
              </value>
            </param>
            <param index="3">
              <value>
                <![CDATA[/women/bottoms-women/pants-women.html]]>
              </value>
            </param>
          </params>
          <reporter-output>
          </reporter-output>
        </test-method> <!-- testUserSelectCategoriesFromProductDropdown -->
        <test-method is-config="true" signature="tearDown()[pri:0, instance:com.evy.tests.ProductDropdownTest@5e7cd6cc]" started-at="2024-07-20T15:43:19 IDT" name="tearDown" finished-at="2024-07-20T15:43:19 IDT" duration-ms="97" status="PASS">
          <reporter-output>
          </reporter-output>
        </test-method> <!-- tearDown -->
        <test-method is-config="true" signature="setup()[pri:0, instance:com.evy.tests.ProductDropdownTest@5e7cd6cc]" started-at="2024-07-20T15:43:19 IDT" name="setup" finished-at="2024-07-20T15:43:22 IDT" duration-ms="2217" status="PASS">
          <reporter-output>
          </reporter-output>
        </test-method> <!-- setup -->
        <test-method signature="testUserSelectCategoriesFromProductDropdown(java.lang.String,java.lang.String,java.lang.String,java.lang.String)[pri:0, instance:com.evy.tests.ProductDropdownTest@5e7cd6cc]" started-at="2024-07-20T15:43:22 IDT" name="testUserSelectCategoriesFromProductDropdown" data-provider="productDropdownData" finished-at="2024-07-20T15:43:24 IDT" duration-ms="2524" status="PASS">
          <params>
            <param index="0">
              <value>
                <![CDATA[Women]]>
              </value>
            </param>
            <param index="1">
              <value>
                <![CDATA[Bottoms]]>
              </value>
            </param>
            <param index="2">
              <value>
                <![CDATA[Shorts]]>
              </value>
            </param>
            <param index="3">
              <value>
                <![CDATA[/women/bottoms-women/shorts-women.html]]>
              </value>
            </param>
          </params>
          <reporter-output>
          </reporter-output>
        </test-method> <!-- testUserSelectCategoriesFromProductDropdown -->
        <test-method is-config="true" signature="tearDown()[pri:0, instance:com.evy.tests.ProductDropdownTest@5e7cd6cc]" started-at="2024-07-20T15:43:24 IDT" name="tearDown" finished-at="2024-07-20T15:43:24 IDT" duration-ms="154" status="PASS">
          <reporter-output>
          </reporter-output>
        </test-method> <!-- tearDown -->
        <test-method is-config="true" signature="setup()[pri:0, instance:com.evy.tests.ProductDropdownTest@5e7cd6cc]" started-at="2024-07-20T15:43:24 IDT" name="setup" finished-at="2024-07-20T15:43:28 IDT" duration-ms="3505" status="PASS">
          <reporter-output>
          </reporter-output>
        </test-method> <!-- setup -->
        <test-method signature="testUserSelectCategoriesFromProductDropdown(java.lang.String,java.lang.String,java.lang.String,java.lang.String)[pri:0, instance:com.evy.tests.ProductDropdownTest@5e7cd6cc]" started-at="2024-07-20T15:43:28 IDT" name="testUserSelectCategoriesFromProductDropdown" data-provider="productDropdownData" finished-at="2024-07-20T15:43:29 IDT" duration-ms="1424" status="PASS">
          <params>
            <param index="0">
              <value>
                <![CDATA[Men]]>
              </value>
            </param>
            <param index="1">
              <value>
                <![CDATA[Tops]]>
              </value>
            </param>
            <param index="2">
              <value>
                <![CDATA[Jackets]]>
              </value>
            </param>
            <param index="3">
              <value>
                <![CDATA[/men/tops-men/jackets-men.html]]>
              </value>
            </param>
          </params>
          <reporter-output>
          </reporter-output>
        </test-method> <!-- testUserSelectCategoriesFromProductDropdown -->
        <test-method is-config="true" signature="tearDown()[pri:0, instance:com.evy.tests.ProductDropdownTest@5e7cd6cc]" started-at="2024-07-20T15:43:29 IDT" name="tearDown" finished-at="2024-07-20T15:43:29 IDT" duration-ms="121" status="PASS">
          <reporter-output>
          </reporter-output>
        </test-method> <!-- tearDown -->
        <test-method is-config="true" signature="setup()[pri:0, instance:com.evy.tests.ProductDropdownTest@5e7cd6cc]" started-at="2024-07-20T15:43:29 IDT" name="setup" finished-at="2024-07-20T15:43:32 IDT" duration-ms="2837" status="PASS">
          <reporter-output>
          </reporter-output>
        </test-method> <!-- setup -->
        <test-method signature="testUserSelectCategoriesFromProductDropdown(java.lang.String,java.lang.String,java.lang.String,java.lang.String)[pri:0, instance:com.evy.tests.ProductDropdownTest@5e7cd6cc]" started-at="2024-07-20T15:43:32 IDT" name="testUserSelectCategoriesFromProductDropdown" data-provider="productDropdownData" finished-at="2024-07-20T15:43:34 IDT" duration-ms="1402" status="PASS">
          <params>
            <param index="0">
              <value>
                <![CDATA[Men]]>
              </value>
            </param>
            <param index="1">
              <value>
                <![CDATA[Tops]]>
              </value>
            </param>
            <param index="2">
              <value>
                <![CDATA[Hoodies & Sweatshirts]]>
              </value>
            </param>
            <param index="3">
              <value>
                <![CDATA[/men/tops-men/hoodies-and-sweatshirts-men.html]]>
              </value>
            </param>
          </params>
          <reporter-output>
          </reporter-output>
        </test-method> <!-- testUserSelectCategoriesFromProductDropdown -->
        <test-method is-config="true" signature="tearDown()[pri:0, instance:com.evy.tests.ProductDropdownTest@5e7cd6cc]" started-at="2024-07-20T15:43:34 IDT" name="tearDown" finished-at="2024-07-20T15:43:34 IDT" duration-ms="131" status="PASS">
          <reporter-output>
          </reporter-output>
        </test-method> <!-- tearDown -->
        <test-method is-config="true" signature="setup()[pri:0, instance:com.evy.tests.ProductDropdownTest@5e7cd6cc]" started-at="2024-07-20T15:43:34 IDT" name="setup" finished-at="2024-07-20T15:43:37 IDT" duration-ms="3072" status="PASS">
          <reporter-output>
          </reporter-output>
        </test-method> <!-- setup -->
        <test-method signature="testUserSelectCategoriesFromProductDropdown(java.lang.String,java.lang.String,java.lang.String,java.lang.String)[pri:0, instance:com.evy.tests.ProductDropdownTest@5e7cd6cc]" started-at="2024-07-20T15:43:37 IDT" name="testUserSelectCategoriesFromProductDropdown" data-provider="productDropdownData" finished-at="2024-07-20T15:43:39 IDT" duration-ms="1738" status="PASS">
          <params>
            <param index="0">
              <value>
                <![CDATA[Men]]>
              </value>
            </param>
            <param index="1">
              <value>
                <![CDATA[Tops]]>
              </value>
            </param>
            <param index="2">
              <value>
                <![CDATA[Tees]]>
              </value>
            </param>
            <param index="3">
              <value>
                <![CDATA[/men/tops-men/tees-men.html]]>
              </value>
            </param>
          </params>
          <reporter-output>
          </reporter-output>
        </test-method> <!-- testUserSelectCategoriesFromProductDropdown -->
        <test-method is-config="true" signature="tearDown()[pri:0, instance:com.evy.tests.ProductDropdownTest@5e7cd6cc]" started-at="2024-07-20T15:43:39 IDT" name="tearDown" finished-at="2024-07-20T15:43:39 IDT" duration-ms="158" status="PASS">
          <reporter-output>
          </reporter-output>
        </test-method> <!-- tearDown -->
        <test-method is-config="true" signature="setup()[pri:0, instance:com.evy.tests.ProductDropdownTest@5e7cd6cc]" started-at="2024-07-20T15:43:39 IDT" name="setup" finished-at="2024-07-20T15:43:42 IDT" duration-ms="3526" status="PASS">
          <reporter-output>
          </reporter-output>
        </test-method> <!-- setup -->
        <test-method signature="testUserSelectCategoriesFromProductDropdown(java.lang.String,java.lang.String,java.lang.String,java.lang.String)[pri:0, instance:com.evy.tests.ProductDropdownTest@5e7cd6cc]" started-at="2024-07-20T15:43:42 IDT" name="testUserSelectCategoriesFromProductDropdown" data-provider="productDropdownData" finished-at="2024-07-20T15:43:43 IDT" duration-ms="1141" status="PASS">
          <params>
            <param index="0">
              <value>
                <![CDATA[Men]]>
              </value>
            </param>
            <param index="1">
              <value>
                <![CDATA[Tops]]>
              </value>
            </param>
            <param index="2">
              <value>
                <![CDATA[Tanks]]>
              </value>
            </param>
            <param index="3">
              <value>
                <![CDATA[/men/tops-men/tanks-men.html]]>
              </value>
            </param>
          </params>
          <reporter-output>
          </reporter-output>
        </test-method> <!-- testUserSelectCategoriesFromProductDropdown -->
        <test-method is-config="true" signature="tearDown()[pri:0, instance:com.evy.tests.ProductDropdownTest@5e7cd6cc]" started-at="2024-07-20T15:43:43 IDT" name="tearDown" finished-at="2024-07-20T15:43:44 IDT" duration-ms="102" status="PASS">
          <reporter-output>
          </reporter-output>
        </test-method> <!-- tearDown -->
        <test-method is-config="true" signature="setup()[pri:0, instance:com.evy.tests.ProductDropdownTest@5e7cd6cc]" started-at="2024-07-20T15:43:44 IDT" name="setup" finished-at="2024-07-20T15:43:46 IDT" duration-ms="2790" status="PASS">
          <reporter-output>
          </reporter-output>
        </test-method> <!-- setup -->
        <test-method signature="testUserSelectCategoriesFromProductDropdown(java.lang.String,java.lang.String,java.lang.String,java.lang.String)[pri:0, instance:com.evy.tests.ProductDropdownTest@5e7cd6cc]" started-at="2024-07-20T15:43:46 IDT" name="testUserSelectCategoriesFromProductDropdown" data-provider="productDropdownData" finished-at="2024-07-20T15:43:48 IDT" duration-ms="1305" status="PASS">
          <params>
            <param index="0">
              <value>
                <![CDATA[Men]]>
              </value>
            </param>
            <param index="1">
              <value>
                <![CDATA[Bottoms]]>
              </value>
            </param>
            <param index="2">
              <value>
                <![CDATA[Pants]]>
              </value>
            </param>
            <param index="3">
              <value>
                <![CDATA[/men/bottoms-men/pants-men.html]]>
              </value>
            </param>
          </params>
          <reporter-output>
          </reporter-output>
        </test-method> <!-- testUserSelectCategoriesFromProductDropdown -->
        <test-method is-config="true" signature="tearDown()[pri:0, instance:com.evy.tests.ProductDropdownTest@5e7cd6cc]" started-at="2024-07-20T15:43:48 IDT" name="tearDown" finished-at="2024-07-20T15:43:48 IDT" duration-ms="111" status="PASS">
          <reporter-output>
          </reporter-output>
        </test-method> <!-- tearDown -->
        <test-method is-config="true" signature="setup()[pri:0, instance:com.evy.tests.ProductDropdownTest@5e7cd6cc]" started-at="2024-07-20T15:43:48 IDT" name="setup" finished-at="2024-07-20T15:43:51 IDT" duration-ms="3206" status="PASS">
          <reporter-output>
          </reporter-output>
        </test-method> <!-- setup -->
        <test-method signature="testUserSelectCategoriesFromProductDropdown(java.lang.String,java.lang.String,java.lang.String,java.lang.String)[pri:0, instance:com.evy.tests.ProductDropdownTest@5e7cd6cc]" started-at="2024-07-20T15:43:51 IDT" name="testUserSelectCategoriesFromProductDropdown" data-provider="productDropdownData" finished-at="2024-07-20T15:43:52 IDT" duration-ms="1162" status="PASS">
          <params>
            <param index="0">
              <value>
                <![CDATA[Men]]>
              </value>
            </param>
            <param index="1">
              <value>
                <![CDATA[Bottoms]]>
              </value>
            </param>
            <param index="2">
              <value>
                <![CDATA[Shorts]]>
              </value>
            </param>
            <param index="3">
              <value>
                <![CDATA[/men/bottoms-men/shorts-men.html]]>
              </value>
            </param>
          </params>
          <reporter-output>
          </reporter-output>
        </test-method> <!-- testUserSelectCategoriesFromProductDropdown -->
        <test-method is-config="true" signature="tearDown()[pri:0, instance:com.evy.tests.ProductDropdownTest@5e7cd6cc]" started-at="2024-07-20T15:43:52 IDT" name="tearDown" finished-at="2024-07-20T15:43:52 IDT" duration-ms="108" status="PASS">
          <reporter-output>
          </reporter-output>
        </test-method> <!-- tearDown -->
      </class> <!-- com.evy.tests.ProductDropdownTest -->
      <class name="com.evy.tests.LoginTest">
        <test-method is-config="true" signature="setup()[pri:0, instance:com.evy.tests.LoginTest@4b8d604b]" started-at="2024-07-20T15:41:53 IDT" name="setup" finished-at="2024-07-20T15:42:01 IDT" duration-ms="8126" status="PASS">
          <reporter-output>
          </reporter-output>
        </test-method> <!-- setup -->
        <test-method signature="testUserLoginScenarios(java.lang.String,java.lang.String,java.lang.String)[pri:0, instance:com.evy.tests.LoginTest@4b8d604b]" started-at="2024-07-20T15:42:01 IDT" name="testUserLoginScenarios" data-provider="loginData" finished-at="2024-07-20T15:42:06 IDT" duration-ms="4788" status="PASS">
          <params>
            <param index="0">
              <value>
                <![CDATA[evyuser@example.com]]>
              </value>
            </param>
            <param index="1">
              <value>
                <![CDATA[Password123]]>
              </value>
            </param>
            <param index="2">
              <value>
                <![CDATA[valid login data]]>
              </value>
            </param>
          </params>
          <reporter-output>
          </reporter-output>
        </test-method> <!-- testUserLoginScenarios -->
        <test-method is-config="true" signature="tearDown()[pri:0, instance:com.evy.tests.LoginTest@4b8d604b]" started-at="2024-07-20T15:42:06 IDT" name="tearDown" finished-at="2024-07-20T15:42:06 IDT" duration-ms="133" status="PASS">
          <reporter-output>
          </reporter-output>
        </test-method> <!-- tearDown -->
        <test-method is-config="true" signature="setup()[pri:0, instance:com.evy.tests.LoginTest@4b8d604b]" started-at="2024-07-20T15:42:06 IDT" name="setup" finished-at="2024-07-20T15:42:09 IDT" duration-ms="3367" status="PASS">
          <reporter-output>
          </reporter-output>
        </test-method> <!-- setup -->
        <test-method signature="testUserLoginScenarios(java.lang.String,java.lang.String,java.lang.String)[pri:0, instance:com.evy.tests.LoginTest@4b8d604b]" started-at="2024-07-20T15:42:09 IDT" name="testUserLoginScenarios" data-provider="loginData" finished-at="2024-07-20T15:42:15 IDT" duration-ms="5090" status="PASS">
          <params>
            <param index="0">
              <value>
                <![CDATA[wrongEmail@gmail.com]]>
              </value>
            </param>
            <param index="1">
              <value>
                <![CDATA[Password123]]>
              </value>
            </param>
            <param index="2">
              <value>
                <![CDATA[invalid login data]]>
              </value>
            </param>
          </params>
          <reporter-output>
          </reporter-output>
        </test-method> <!-- testUserLoginScenarios -->
        <test-method is-config="true" signature="tearDown()[pri:0, instance:com.evy.tests.LoginTest@4b8d604b]" started-at="2024-07-20T15:42:15 IDT" name="tearDown" finished-at="2024-07-20T15:42:15 IDT" duration-ms="277" status="PASS">
          <reporter-output>
          </reporter-output>
        </test-method> <!-- tearDown -->
        <test-method is-config="true" signature="setup()[pri:0, instance:com.evy.tests.LoginTest@4b8d604b]" started-at="2024-07-20T15:42:15 IDT" name="setup" finished-at="2024-07-20T15:42:19 IDT" duration-ms="4393" status="PASS">
          <reporter-output>
          </reporter-output>
        </test-method> <!-- setup -->
        <test-method signature="testUserLoginScenarios(java.lang.String,java.lang.String,java.lang.String)[pri:0, instance:com.evy.tests.LoginTest@4b8d604b]" started-at="2024-07-20T15:42:19 IDT" name="testUserLoginScenarios" data-provider="loginData" finished-at="2024-07-20T15:42:24 IDT" duration-ms="5236" status="PASS">
          <params>
            <param index="0">
              <value>
                <![CDATA[evyuser@example.com]]>
              </value>
            </param>
            <param index="1">
              <value>
                <![CDATA[wrongPassword]]>
              </value>
            </param>
            <param index="2">
              <value>
                <![CDATA[invalid login data]]>
              </value>
            </param>
          </params>
          <reporter-output>
          </reporter-output>
        </test-method> <!-- testUserLoginScenarios -->
        <test-method is-config="true" signature="tearDown()[pri:0, instance:com.evy.tests.LoginTest@4b8d604b]" started-at="2024-07-20T15:42:25 IDT" name="tearDown" finished-at="2024-07-20T15:42:25 IDT" duration-ms="240" status="PASS">
          <reporter-output>
          </reporter-output>
        </test-method> <!-- tearDown -->
        <test-method is-config="true" signature="setup()[pri:0, instance:com.evy.tests.LoginTest@4b8d604b]" started-at="2024-07-20T15:42:25 IDT" name="setup" finished-at="2024-07-20T15:42:28 IDT" duration-ms="3564" status="PASS">
          <reporter-output>
          </reporter-output>
        </test-method> <!-- setup -->
        <test-method signature="testUserLoginScenarios(java.lang.String,java.lang.String,java.lang.String)[pri:0, instance:com.evy.tests.LoginTest@4b8d604b]" started-at="2024-07-20T15:42:28 IDT" name="testUserLoginScenarios" data-provider="loginData" finished-at="2024-07-20T15:42:31 IDT" duration-ms="2537" status="PASS">
          <params>
            <param index="0">
              <value>
                <![CDATA[]]>
              </value>
            </param>
            <param index="1">
              <value>
                <![CDATA[Password123]]>
              </value>
            </param>
            <param index="2">
              <value>
                <![CDATA[invalid missing data]]>
              </value>
            </param>
          </params>
          <reporter-output>
          </reporter-output>
        </test-method> <!-- testUserLoginScenarios -->
        <test-method is-config="true" signature="tearDown()[pri:0, instance:com.evy.tests.LoginTest@4b8d604b]" started-at="2024-07-20T15:42:31 IDT" name="tearDown" finished-at="2024-07-20T15:42:31 IDT" duration-ms="258" status="PASS">
          <reporter-output>
          </reporter-output>
        </test-method> <!-- tearDown -->
        <test-method is-config="true" signature="setup()[pri:0, instance:com.evy.tests.LoginTest@4b8d604b]" started-at="2024-07-20T15:42:31 IDT" name="setup" finished-at="2024-07-20T15:42:33 IDT" duration-ms="1399" status="PASS">
          <reporter-output>
          </reporter-output>
        </test-method> <!-- setup -->
        <test-method signature="testUserLoginScenarios(java.lang.String,java.lang.String,java.lang.String)[pri:0, instance:com.evy.tests.LoginTest@4b8d604b]" started-at="2024-07-20T15:42:33 IDT" name="testUserLoginScenarios" data-provider="loginData" finished-at="2024-07-20T15:42:36 IDT" duration-ms="3616" status="PASS">
          <params>
            <param index="0">
              <value>
                <![CDATA[evy@user@example.com]]>
              </value>
            </param>
            <param index="1">
              <value>
                <![CDATA[]]>
              </value>
            </param>
            <param index="2">
              <value>
                <![CDATA[invalid missing data]]>
              </value>
            </param>
          </params>
          <reporter-output>
          </reporter-output>
        </test-method> <!-- testUserLoginScenarios -->
        <test-method is-config="true" signature="tearDown()[pri:0, instance:com.evy.tests.LoginTest@4b8d604b]" started-at="2024-07-20T15:42:36 IDT" name="tearDown" finished-at="2024-07-20T15:42:36 IDT" duration-ms="123" status="PASS">
          <reporter-output>
          </reporter-output>
        </test-method> <!-- tearDown -->
        <test-method is-config="true" signature="setup()[pri:0, instance:com.evy.tests.LoginTest@4b8d604b]" started-at="2024-07-20T15:42:36 IDT" name="setup" finished-at="2024-07-20T15:42:39 IDT" duration-ms="2958" status="PASS">
          <reporter-output>
          </reporter-output>
        </test-method> <!-- setup -->
        <test-method signature="testUserLoginScenarios(java.lang.String,java.lang.String,java.lang.String)[pri:0, instance:com.evy.tests.LoginTest@4b8d604b]" started-at="2024-07-20T15:42:39 IDT" name="testUserLoginScenarios" data-provider="loginData" finished-at="2024-07-20T15:42:41 IDT" duration-ms="1611" status="PASS">
          <params>
            <param index="0">
              <value>
                <![CDATA[]]>
              </value>
            </param>
            <param index="1">
              <value>
                <![CDATA[]]>
              </value>
            </param>
            <param index="2">
              <value>
                <![CDATA[invalid missing data]]>
              </value>
            </param>
          </params>
          <reporter-output>
          </reporter-output>
        </test-method> <!-- testUserLoginScenarios -->
        <test-method is-config="true" signature="tearDown()[pri:0, instance:com.evy.tests.LoginTest@4b8d604b]" started-at="2024-07-20T15:42:41 IDT" name="tearDown" finished-at="2024-07-20T15:42:41 IDT" duration-ms="124" status="PASS">
          <reporter-output>
          </reporter-output>
        </test-method> <!-- tearDown -->
      </class> <!-- com.evy.tests.LoginTest -->
      <class name="com.evy.tests.ProductSearchResultTest">
        <test-method is-config="true" signature="setup()[pri:0, instance:com.evy.tests.ProductSearchResultTest@68c9d179]" started-at="2024-07-20T15:41:53 IDT" name="setup" finished-at="2024-07-20T15:42:02 IDT" duration-ms="8957" status="PASS">
          <reporter-output>
          </reporter-output>
        </test-method> <!-- setup -->
        <test-method signature="testUserSelectProduct(java.lang.String,java.lang.String,java.lang.String,java.lang.String,java.lang.String)[pri:0, instance:com.evy.tests.ProductSearchResultTest@68c9d179]" started-at="2024-07-20T15:42:02 IDT" name="testUserSelectProduct" data-provider="productSearchResultData" finished-at="2024-07-20T15:42:06 IDT" duration-ms="3743" status="PASS">
          <params>
            <param index="0">
              <value>
                <![CDATA[Men]]>
              </value>
            </param>
            <param index="1">
              <value>
                <![CDATA[Tops]]>
              </value>
            </param>
            <param index="2">
              <value>
                <![CDATA[Jackets]]>
              </value>
            </param>
            <param index="3">
              <value>
                <![CDATA[Proteus Fitness Jackshirt]]>
              </value>
            </param>
            <param index="4">
              <value>
                <![CDATA[Proteus Fitness Jackshirt]]>
              </value>
            </param>
          </params>
          <reporter-output>
          </reporter-output>
        </test-method> <!-- testUserSelectProduct -->
        <test-method is-config="true" signature="tearDown()[pri:0, instance:com.evy.tests.ProductSearchResultTest@68c9d179]" started-at="2024-07-20T15:42:06 IDT" name="tearDown" finished-at="2024-07-20T15:42:06 IDT" duration-ms="114" status="PASS">
          <reporter-output>
          </reporter-output>
        </test-method> <!-- tearDown -->
        <test-method is-config="true" signature="setup()[pri:0, instance:com.evy.tests.ProductSearchResultTest@68c9d179]" started-at="2024-07-20T15:42:06 IDT" name="setup" finished-at="2024-07-20T15:42:10 IDT" duration-ms="3811" status="PASS">
          <reporter-output>
          </reporter-output>
        </test-method> <!-- setup -->
        <test-method signature="testUserSelectProduct(java.lang.String,java.lang.String,java.lang.String,java.lang.String,java.lang.String)[pri:0, instance:com.evy.tests.ProductSearchResultTest@68c9d179]" started-at="2024-07-20T15:42:10 IDT" name="testUserSelectProduct" data-provider="productSearchResultData" finished-at="2024-07-20T15:42:13 IDT" duration-ms="3352" status="PASS">
          <params>
            <param index="0">
              <value>
                <![CDATA[Men]]>
              </value>
            </param>
            <param index="1">
              <value>
                <![CDATA[Tops]]>
              </value>
            </param>
            <param index="2">
              <value>
                <![CDATA[Jackets]]>
              </value>
            </param>
            <param index="3">
              <value>
                <![CDATA[Montana Wind Jacket]]>
              </value>
            </param>
            <param index="4">
              <value>
                <![CDATA[Montana Wind Jacket]]>
              </value>
            </param>
          </params>
          <reporter-output>
          </reporter-output>
        </test-method> <!-- testUserSelectProduct -->
        <test-method is-config="true" signature="tearDown()[pri:0, instance:com.evy.tests.ProductSearchResultTest@68c9d179]" started-at="2024-07-20T15:42:13 IDT" name="tearDown" finished-at="2024-07-20T15:42:13 IDT" duration-ms="137" status="PASS">
          <reporter-output>
          </reporter-output>
        </test-method> <!-- tearDown -->
        <test-method is-config="true" signature="setup()[pri:0, instance:com.evy.tests.ProductSearchResultTest@68c9d179]" started-at="2024-07-20T15:42:13 IDT" name="setup" finished-at="2024-07-20T15:42:17 IDT" duration-ms="4130" status="PASS">
          <reporter-output>
          </reporter-output>
        </test-method> <!-- setup -->
        <test-method signature="testUserSelectProduct(java.lang.String,java.lang.String,java.lang.String,java.lang.String,java.lang.String)[pri:0, instance:com.evy.tests.ProductSearchResultTest@68c9d179]" started-at="2024-07-20T15:42:17 IDT" name="testUserSelectProduct" data-provider="productSearchResultData" finished-at="2024-07-20T15:42:21 IDT" duration-ms="3789" status="PASS">
          <params>
            <param index="0">
              <value>
                <![CDATA[Men]]>
              </value>
            </param>
            <param index="1">
              <value>
                <![CDATA[Tops]]>
              </value>
            </param>
            <param index="2">
              <value>
                <![CDATA[Jackets]]>
              </value>
            </param>
            <param index="3">
              <value>
                <![CDATA[Jupiter All-Weather Trainer]]>
              </value>
            </param>
            <param index="4">
              <value>
                <![CDATA[Jupiter All-Weather Trainer]]>
              </value>
            </param>
          </params>
          <reporter-output>
          </reporter-output>
        </test-method> <!-- testUserSelectProduct -->
        <test-method is-config="true" signature="tearDown()[pri:0, instance:com.evy.tests.ProductSearchResultTest@68c9d179]" started-at="2024-07-20T15:42:21 IDT" name="tearDown" finished-at="2024-07-20T15:42:21 IDT" duration-ms="321" status="PASS">
          <reporter-output>
          </reporter-output>
        </test-method> <!-- tearDown -->
        <test-method is-config="true" signature="setup()[pri:0, instance:com.evy.tests.ProductSearchResultTest@68c9d179]" started-at="2024-07-20T15:42:21 IDT" name="setup" finished-at="2024-07-20T15:42:25 IDT" duration-ms="3692" status="PASS">
          <reporter-output>
          </reporter-output>
        </test-method> <!-- setup -->
        <test-method signature="testUserSelectProduct(java.lang.String,java.lang.String,java.lang.String,java.lang.String,java.lang.String)[pri:0, instance:com.evy.tests.ProductSearchResultTest@68c9d179]" started-at="2024-07-20T15:42:25 IDT" name="testUserSelectProduct" data-provider="productSearchResultData" finished-at="2024-07-20T15:42:28 IDT" duration-ms="2638" status="PASS">
          <params>
            <param index="0">
              <value>
                <![CDATA[Men]]>
              </value>
            </param>
            <param index="1">
              <value>
                <![CDATA[Tops]]>
              </value>
            </param>
            <param index="2">
              <value>
                <![CDATA[Jackets]]>
              </value>
            </param>
            <param index="3">
              <value>
                <![CDATA[Typhon Performance Fleece-lined Jacket]]>
              </value>
            </param>
            <param index="4">
              <value>
                <![CDATA[Typhon Performance Fleece-lined Jacket]]>
              </value>
            </param>
          </params>
          <reporter-output>
          </reporter-output>
        </test-method> <!-- testUserSelectProduct -->
        <test-method is-config="true" signature="tearDown()[pri:0, instance:com.evy.tests.ProductSearchResultTest@68c9d179]" started-at="2024-07-20T15:42:28 IDT" name="tearDown" finished-at="2024-07-20T15:42:28 IDT" duration-ms="242" status="PASS">
          <reporter-output>
          </reporter-output>
        </test-method> <!-- tearDown -->
        <test-method is-config="true" signature="setup()[pri:0, instance:com.evy.tests.ProductSearchResultTest@68c9d179]" started-at="2024-07-20T15:42:28 IDT" name="setup" finished-at="2024-07-20T15:42:31 IDT" duration-ms="3546" status="PASS">
          <reporter-output>
          </reporter-output>
        </test-method> <!-- setup -->
        <test-method signature="testUserSelectProduct(java.lang.String,java.lang.String,java.lang.String,java.lang.String,java.lang.String)[pri:0, instance:com.evy.tests.ProductSearchResultTest@68c9d179]" started-at="2024-07-20T15:42:31 IDT" name="testUserSelectProduct" data-provider="productSearchResultData" finished-at="2024-07-20T15:42:34 IDT" duration-ms="2590" status="PASS">
          <params>
            <param index="0">
              <value>
                <![CDATA[Men]]>
              </value>
            </param>
            <param index="1">
              <value>
                <![CDATA[Tops]]>
              </value>
            </param>
            <param index="2">
              <value>
                <![CDATA[Jackets]]>
              </value>
            </param>
            <param index="3">
              <value>
                <![CDATA[Mars HeatTech Pullover]]>
              </value>
            </param>
            <param index="4">
              <value>
                <![CDATA[Mars HeatTech Pullover]]>
              </value>
            </param>
          </params>
          <reporter-output>
          </reporter-output>
        </test-method> <!-- testUserSelectProduct -->
        <test-method is-config="true" signature="tearDown()[pri:0, instance:com.evy.tests.ProductSearchResultTest@68c9d179]" started-at="2024-07-20T15:42:34 IDT" name="tearDown" finished-at="2024-07-20T15:42:34 IDT" duration-ms="112" status="PASS">
          <reporter-output>
          </reporter-output>
        </test-method> <!-- tearDown -->
        <test-method is-config="true" signature="setup()[pri:0, instance:com.evy.tests.ProductSearchResultTest@68c9d179]" started-at="2024-07-20T15:42:34 IDT" name="setup" finished-at="2024-07-20T15:42:37 IDT" duration-ms="3015" status="PASS">
          <reporter-output>
          </reporter-output>
        </test-method> <!-- setup -->
        <test-method signature="testUserSelectProduct(java.lang.String,java.lang.String,java.lang.String,java.lang.String,java.lang.String)[pri:0, instance:com.evy.tests.ProductSearchResultTest@68c9d179]" started-at="2024-07-20T15:42:37 IDT" name="testUserSelectProduct" data-provider="productSearchResultData" finished-at="2024-07-20T15:42:40 IDT" duration-ms="3117" status="PASS">
          <params>
            <param index="0">
              <value>
                <![CDATA[Men]]>
              </value>
            </param>
            <param index="1">
              <value>
                <![CDATA[Tops]]>
              </value>
            </param>
            <param index="2">
              <value>
                <![CDATA[Jackets]]>
              </value>
            </param>
            <param index="3">
              <value>
                <![CDATA[Taurus Elements Shell]]>
              </value>
            </param>
            <param index="4">
              <value>
                <![CDATA[Taurus Elements Shell]]>
              </value>
            </param>
          </params>
          <reporter-output>
          </reporter-output>
        </test-method> <!-- testUserSelectProduct -->
        <test-method is-config="true" signature="tearDown()[pri:0, instance:com.evy.tests.ProductSearchResultTest@68c9d179]" started-at="2024-07-20T15:42:40 IDT" name="tearDown" finished-at="2024-07-20T15:42:40 IDT" duration-ms="212" status="PASS">
          <reporter-output>
          </reporter-output>
        </test-method> <!-- tearDown -->
        <test-method is-config="true" signature="setup()[pri:0, instance:com.evy.tests.ProductSearchResultTest@68c9d179]" started-at="2024-07-20T15:42:40 IDT" name="setup" finished-at="2024-07-20T15:42:43 IDT" duration-ms="2944" status="PASS">
          <reporter-output>
          </reporter-output>
        </test-method> <!-- setup -->
        <test-method signature="testUserSelectProduct(java.lang.String,java.lang.String,java.lang.String,java.lang.String,java.lang.String)[pri:0, instance:com.evy.tests.ProductSearchResultTest@68c9d179]" started-at="2024-07-20T15:42:43 IDT" name="testUserSelectProduct" data-provider="productSearchResultData" finished-at="2024-07-20T15:42:46 IDT" duration-ms="2342" status="PASS">
          <params>
            <param index="0">
              <value>
                <![CDATA[Men]]>
              </value>
            </param>
            <param index="1">
              <value>
                <![CDATA[Tops]]>
              </value>
            </param>
            <param index="2">
              <value>
                <![CDATA[Jackets]]>
              </value>
            </param>
            <param index="3">
              <value>
                <![CDATA[Lando Gym Jacket]]>
              </value>
            </param>
            <param index="4">
              <value>
                <![CDATA[Lando Gym Jacket]]>
              </value>
            </param>
          </params>
          <reporter-output>
          </reporter-output>
        </test-method> <!-- testUserSelectProduct -->
        <test-method is-config="true" signature="tearDown()[pri:0, instance:com.evy.tests.ProductSearchResultTest@68c9d179]" started-at="2024-07-20T15:42:46 IDT" name="tearDown" finished-at="2024-07-20T15:42:46 IDT" duration-ms="140" status="PASS">
          <reporter-output>
          </reporter-output>
        </test-method> <!-- tearDown -->
        <test-method is-config="true" signature="setup()[pri:0, instance:com.evy.tests.ProductSearchResultTest@68c9d179]" started-at="2024-07-20T15:42:46 IDT" name="setup" finished-at="2024-07-20T15:42:49 IDT" duration-ms="2611" status="PASS">
          <reporter-output>
          </reporter-output>
        </test-method> <!-- setup -->
        <test-method signature="testUserSelectProduct(java.lang.String,java.lang.String,java.lang.String,java.lang.String,java.lang.String)[pri:0, instance:com.evy.tests.ProductSearchResultTest@68c9d179]" started-at="2024-07-20T15:42:49 IDT" name="testUserSelectProduct" data-provider="productSearchResultData" finished-at="2024-07-20T15:42:51 IDT" duration-ms="2587" status="PASS">
          <params>
            <param index="0">
              <value>
                <![CDATA[Men]]>
              </value>
            </param>
            <param index="1">
              <value>
                <![CDATA[Tops]]>
              </value>
            </param>
            <param index="2">
              <value>
                <![CDATA[Jackets]]>
              </value>
            </param>
            <param index="3">
              <value>
                <![CDATA[Orion Two-Tone Fitted Jacket]]>
              </value>
            </param>
            <param index="4">
              <value>
                <![CDATA[Orion Two-Tone Fitted Jacket]]>
              </value>
            </param>
          </params>
          <reporter-output>
          </reporter-output>
        </test-method> <!-- testUserSelectProduct -->
        <test-method is-config="true" signature="tearDown()[pri:0, instance:com.evy.tests.ProductSearchResultTest@68c9d179]" started-at="2024-07-20T15:42:51 IDT" name="tearDown" finished-at="2024-07-20T15:42:51 IDT" duration-ms="99" status="PASS">
          <reporter-output>
          </reporter-output>
        </test-method> <!-- tearDown -->
        <test-method is-config="true" signature="setup()[pri:0, instance:com.evy.tests.ProductSearchResultTest@68c9d179]" started-at="2024-07-20T15:42:51 IDT" name="setup" finished-at="2024-07-20T15:42:54 IDT" duration-ms="2297" status="PASS">
          <reporter-output>
          </reporter-output>
        </test-method> <!-- setup -->
        <test-method signature="testUserSelectProduct(java.lang.String,java.lang.String,java.lang.String,java.lang.String,java.lang.String)[pri:0, instance:com.evy.tests.ProductSearchResultTest@68c9d179]" started-at="2024-07-20T15:42:54 IDT" name="testUserSelectProduct" data-provider="productSearchResultData" finished-at="2024-07-20T15:42:56 IDT" duration-ms="2887" status="PASS">
          <params>
            <param index="0">
              <value>
                <![CDATA[Men]]>
              </value>
            </param>
            <param index="1">
              <value>
                <![CDATA[Tops]]>
              </value>
            </param>
            <param index="2">
              <value>
                <![CDATA[Jackets]]>
              </value>
            </param>
            <param index="3">
              <value>
                <![CDATA[Kenobi Trail Jacket]]>
              </value>
            </param>
            <param index="4">
              <value>
                <![CDATA[Kenobi Trail Jacket]]>
              </value>
            </param>
          </params>
          <reporter-output>
          </reporter-output>
        </test-method> <!-- testUserSelectProduct -->
        <test-method is-config="true" signature="tearDown()[pri:0, instance:com.evy.tests.ProductSearchResultTest@68c9d179]" started-at="2024-07-20T15:42:56 IDT" name="tearDown" finished-at="2024-07-20T15:42:56 IDT" duration-ms="96" status="PASS">
          <reporter-output>
          </reporter-output>
        </test-method> <!-- tearDown -->
        <test-method is-config="true" signature="setup()[pri:0, instance:com.evy.tests.ProductSearchResultTest@68c9d179]" started-at="2024-07-20T15:42:56 IDT" name="setup" finished-at="2024-07-20T15:43:00 IDT" duration-ms="3445" status="PASS">
          <reporter-output>
          </reporter-output>
        </test-method> <!-- setup -->
        <test-method signature="testUserSelectProduct(java.lang.String,java.lang.String,java.lang.String,java.lang.String,java.lang.String)[pri:0, instance:com.evy.tests.ProductSearchResultTest@68c9d179]" started-at="2024-07-20T15:43:00 IDT" name="testUserSelectProduct" data-provider="productSearchResultData" finished-at="2024-07-20T15:43:02 IDT" duration-ms="2298" status="PASS">
          <params>
            <param index="0">
              <value>
                <![CDATA[Men]]>
              </value>
            </param>
            <param index="1">
              <value>
                <![CDATA[Tops]]>
              </value>
            </param>
            <param index="2">
              <value>
                <![CDATA[Jackets]]>
              </value>
            </param>
            <param index="3">
              <value>
                <![CDATA[Hyperion Elements Jacket]]>
              </value>
            </param>
            <param index="4">
              <value>
                <![CDATA[Hyperion Elements Jacket]]>
              </value>
            </param>
          </params>
          <reporter-output>
          </reporter-output>
        </test-method> <!-- testUserSelectProduct -->
        <test-method is-config="true" signature="tearDown()[pri:0, instance:com.evy.tests.ProductSearchResultTest@68c9d179]" started-at="2024-07-20T15:43:02 IDT" name="tearDown" finished-at="2024-07-20T15:43:02 IDT" duration-ms="104" status="PASS">
          <reporter-output>
          </reporter-output>
        </test-method> <!-- tearDown -->
        <test-method is-config="true" signature="setup()[pri:0, instance:com.evy.tests.ProductSearchResultTest@68c9d179]" started-at="2024-07-20T15:43:02 IDT" name="setup" finished-at="2024-07-20T15:43:05 IDT" duration-ms="2735" status="PASS">
          <reporter-output>
          </reporter-output>
        </test-method> <!-- setup -->
        <test-method signature="testUserSelectProduct(java.lang.String,java.lang.String,java.lang.String,java.lang.String,java.lang.String)[pri:0, instance:com.evy.tests.ProductSearchResultTest@68c9d179]" started-at="2024-07-20T15:43:05 IDT" name="testUserSelectProduct" data-provider="productSearchResultData" finished-at="2024-07-20T15:43:08 IDT" duration-ms="2503" status="PASS">
          <params>
            <param index="0">
              <value>
                <![CDATA[Men]]>
              </value>
            </param>
            <param index="1">
              <value>
                <![CDATA[Tops]]>
              </value>
            </param>
            <param index="2">
              <value>
                <![CDATA[Jackets]]>
              </value>
            </param>
            <param index="3">
              <value>
                <![CDATA[Beaumont Summit Kit]]>
              </value>
            </param>
            <param index="4">
              <value>
                <![CDATA[Beaumont Summit Kit]]>
              </value>
            </param>
          </params>
          <reporter-output>
          </reporter-output>
        </test-method> <!-- testUserSelectProduct -->
        <test-method is-config="true" signature="tearDown()[pri:0, instance:com.evy.tests.ProductSearchResultTest@68c9d179]" started-at="2024-07-20T15:43:08 IDT" name="tearDown" finished-at="2024-07-20T15:43:08 IDT" duration-ms="157" status="PASS">
          <reporter-output>
          </reporter-output>
        </test-method> <!-- tearDown -->
      </class> <!-- com.evy.tests.ProductSearchResultTest -->
      <class name="com.evy.tests.RegisterTest">
        <test-method is-config="true" signature="setup()[pri:0, instance:com.evy.tests.RegisterTest@7fd50002]" started-at="2024-07-20T15:41:53 IDT" name="setup" finished-at="2024-07-20T15:42:01 IDT" duration-ms="7833" status="PASS">
          <reporter-output>
          </reporter-output>
        </test-method> <!-- setup -->
        <test-method signature="testUserRegistrationScenarios(java.lang.String,java.lang.String,java.lang.String,java.lang.String,java.lang.String,java.lang.String,java.lang.String)[pri:0, instance:com.evy.tests.RegisterTest@7fd50002]" started-at="2024-07-20T15:42:01 IDT" name="testUserRegistrationScenarios" data-provider="registerData" finished-at="2024-07-20T15:42:10 IDT" duration-ms="9261" status="FAIL">
          <params>
            <param index="0">
              <value>
                <![CDATA[Cammy]]>
              </value>
            </param>
            <param index="1">
              <value>
                <![CDATA[King]]>
              </value>
            </param>
            <param index="2">
              <value>
                <![CDATA[mignon.blanda@yahoo.com]]>
              </value>
            </param>
            <param index="3">
              <value>
                <![CDATA[Password123]]>
              </value>
            </param>
            <param index="4">
              <value>
                <![CDATA[Password123]]>
              </value>
            </param>
            <param index="5">
              <value>
                <![CDATA[valid register data]]>
              </value>
            </param>
            <param index="6">
              <value>
                <![CDATA[Thank you for registering with Main Website Store.]]>
              </value>
            </param>
          </params>
          <exception class="org.openqa.selenium.StaleElementReferenceException">
            <message>
              <![CDATA[stale element reference: stale element not found in the current frame
  (Session info: chrome-headless-shell=126.0.6478.183)
For documentation on this error, please visit: https://www.selenium.dev/documentation/webdriver/troubleshooting/errors#stale-element-reference-exception
Build info: version: '4.22.0', revision: 'c5f3146703*'
System info: os.name: 'Windows 11', os.arch: 'amd64', os.version: '10.0', java.version: '21'
Driver info: org.openqa.selenium.chrome.ChromeDriver
Command: [45646ed12118fc3e9cdf9a92c137b4ce, getElementText {id=f.D4C7F94356AC29DEED5C4FAD88AFC818.d.73F599FD2E9D7B864C6B3D134E7090E0.e.30}]
Capabilities {acceptInsecureCerts: false, browserName: chrome-headless-shell, browserVersion: 126.0.6478.183, chrome: {chromedriverVersion: 126.0.6478.182 (5b5d8292ddf..., userDataDir: C:\Users\evyco\AppData\Loca...}, fedcm:accounts: true, goog:chromeOptions: {debuggerAddress: localhost:54709}, networkConnectionEnabled: false, pageLoadStrategy: normal, platformName: windows, proxy: Proxy(), se:cdp: ws://localhost:54709/devtoo..., se:cdpVersion: 126.0.6478.183, setWindowRect: true, strictFileInteractability: false, timeouts: {implicit: 0, pageLoad: 300000, script: 30000}, unhandledPromptBehavior: dismiss and notify, webauthn:extension:credBlob: true, webauthn:extension:largeBlob: true, webauthn:extension:minPinLength: true, webauthn:extension:prf: true, webauthn:virtualAuthenticators: true}
Element: [[ChromeDriver: chrome-headless-shell on windows (45646ed12118fc3e9cdf9a92c137b4ce)] -> css selector: div[data-bind*='message.text']]
Session ID: 45646ed12118fc3e9cdf9a92c137b4ce]]>
            </message>
            <full-stacktrace>
              <![CDATA[org.openqa.selenium.StaleElementReferenceException: stale element reference: stale element not found in the current frame
  (Session info: chrome-headless-shell=126.0.6478.183)
For documentation on this error, please visit: https://www.selenium.dev/documentation/webdriver/troubleshooting/errors#stale-element-reference-exception
Build info: version: '4.22.0', revision: 'c5f3146703*'
System info: os.name: 'Windows 11', os.arch: 'amd64', os.version: '10.0', java.version: '21'
Driver info: org.openqa.selenium.chrome.ChromeDriver
Command: [45646ed12118fc3e9cdf9a92c137b4ce, getElementText {id=f.D4C7F94356AC29DEED5C4FAD88AFC818.d.73F599FD2E9D7B864C6B3D134E7090E0.e.30}]
Capabilities {acceptInsecureCerts: false, browserName: chrome-headless-shell, browserVersion: 126.0.6478.183, chrome: {chromedriverVersion: 126.0.6478.182 (5b5d8292ddf..., userDataDir: C:\Users\evyco\AppData\Loca...}, fedcm:accounts: true, goog:chromeOptions: {debuggerAddress: localhost:54709}, networkConnectionEnabled: false, pageLoadStrategy: normal, platformName: windows, proxy: Proxy(), se:cdp: ws://localhost:54709/devtoo..., se:cdpVersion: 126.0.6478.183, setWindowRect: true, strictFileInteractability: false, timeouts: {implicit: 0, pageLoad: 300000, script: 30000}, unhandledPromptBehavior: dismiss and notify, webauthn:extension:credBlob: true, webauthn:extension:largeBlob: true, webauthn:extension:minPinLength: true, webauthn:extension:prf: true, webauthn:virtualAuthenticators: true}
Element: [[ChromeDriver: chrome-headless-shell on windows (45646ed12118fc3e9cdf9a92c137b4ce)] -> css selector: div[data-bind*='message.text']]
Session ID: 45646ed12118fc3e9cdf9a92c137b4ce
at java.base/jdk.internal.reflect.DirectConstructorHandleAccessor.newInstance(DirectConstructorHandleAccessor.java:62)
at java.base/java.lang.reflect.Constructor.newInstanceWithCaller(Constructor.java:502)
at java.base/java.lang.reflect.Constructor.newInstance(Constructor.java:486)
at org.openqa.selenium.remote.ErrorCodec.decode(ErrorCodec.java:167)
at org.openqa.selenium.remote.codec.w3c.W3CHttpResponseCodec.decode(W3CHttpResponseCodec.java:138)
at org.openqa.selenium.remote.codec.w3c.W3CHttpResponseCodec.decode(W3CHttpResponseCodec.java:50)
at org.openqa.selenium.remote.HttpCommandExecutor.execute(HttpCommandExecutor.java:190)
at org.openqa.selenium.remote.service.DriverCommandExecutor.invokeExecute(DriverCommandExecutor.java:216)
at org.openqa.selenium.remote.service.DriverCommandExecutor.execute(DriverCommandExecutor.java:174)
at org.openqa.selenium.remote.RemoteWebDriver.execute(RemoteWebDriver.java:518)
at org.openqa.selenium.remote.RemoteWebElement.execute(RemoteWebElement.java:223)
at org.openqa.selenium.remote.RemoteWebElement.getText(RemoteWebElement.java:191)
at java.base/jdk.internal.reflect.DirectMethodHandleAccessor.invoke(DirectMethodHandleAccessor.java:103)
at java.base/java.lang.reflect.Method.invoke(Method.java:580)
at org.openqa.selenium.support.pagefactory.internal.LocatingElementHandler.invoke(LocatingElementHandler.java:51)
at jdk.proxy2/jdk.proxy2.$Proxy58.getText(Unknown Source)
at com.evy.framework.pages.BasePage.getText(BasePage.java:53)
at com.evy.framework.pages.authentication.RegisterPage.getRegisterResponseMsg(RegisterPage.java:57)
at com.evy.tests.RegisterTest.registerAndGetResponseMsg(RegisterTest.java:64)
at com.evy.tests.RegisterTest.testUserRegistrationScenarios(RegisterTest.java:43)
at java.base/jdk.internal.reflect.DirectMethodHandleAccessor.invoke(DirectMethodHandleAccessor.java:103)
at java.base/java.lang.reflect.Method.invoke(Method.java:580)
at org.testng.internal.invokers.MethodInvocationHelper.invokeMethod(MethodInvocationHelper.java:141)
at org.testng.internal.invokers.TestInvoker.invokeMethod(TestInvoker.java:686)
at org.testng.internal.invokers.TestInvoker.invokeTestMethod(TestInvoker.java:230)
at org.testng.internal.invokers.MethodRunner.runInSequence(MethodRunner.java:63)
at org.testng.internal.invokers.TestInvoker$MethodInvocationAgent.invoke(TestInvoker.java:992)
at org.testng.internal.invokers.TestInvoker.invokeTestMethods(TestInvoker.java:203)
at org.testng.internal.invokers.TestMethodWorker.invokeTestMethods(TestMethodWorker.java:154)
at org.testng.internal.invokers.TestMethodWorker.run(TestMethodWorker.java:134)
at java.base/java.util.concurrent.Executors$RunnableAdapter.call(Executors.java:572)
at java.base/java.util.concurrent.FutureTask.run(FutureTask.java:317)
at org.testng.internal.thread.graph.TestNGFutureTask.run(TestNGFutureTask.java:22)
at java.base/java.util.concurrent.ThreadPoolExecutor.runWorker(ThreadPoolExecutor.java:1144)
at java.base/java.util.concurrent.ThreadPoolExecutor$Worker.run(ThreadPoolExecutor.java:642)
at java.base/java.lang.Thread.run(Thread.java:1583)
]]>
            </full-stacktrace>
          </exception> <!-- org.openqa.selenium.StaleElementReferenceException -->
          <reporter-output>
          </reporter-output>
        </test-method> <!-- testUserRegistrationScenarios -->
        <test-method is-config="true" signature="tearDown()[pri:0, instance:com.evy.tests.RegisterTest@7fd50002]" started-at="2024-07-20T15:42:11 IDT" name="tearDown" finished-at="2024-07-20T15:42:11 IDT" duration-ms="487" status="PASS">
          <reporter-output>
          </reporter-output>
        </test-method> <!-- tearDown -->
        <test-method is-config="true" signature="setup()[pri:0, instance:com.evy.tests.RegisterTest@7fd50002]" started-at="2024-07-20T15:42:11 IDT" name="setup" finished-at="2024-07-20T15:42:15 IDT" duration-ms="3420" status="PASS">
          <reporter-output>
          </reporter-output>
        </test-method> <!-- setup -->
        <test-method signature="testUserRegistrationScenarios(java.lang.String,java.lang.String,java.lang.String,java.lang.String,java.lang.String,java.lang.String,java.lang.String)[pri:0, instance:com.evy.tests.RegisterTest@7fd50002]" started-at="2024-07-20T15:42:15 IDT" name="testUserRegistrationScenarios" data-provider="registerData" finished-at="2024-07-20T15:42:19 IDT" duration-ms="4080" status="PASS">
          <params>
            <param index="0">
              <value>
                <![CDATA[Tammy]]>
              </value>
            </param>
            <param index="1">
              <value>
                <![CDATA[Gutmann]]>
              </value>
            </param>
            <param index="2">
              <value>
                <![CDATA[evy@]]>
              </value>
            </param>
            <param index="3">
              <value>
                <![CDATA[Password123]]>
              </value>
            </param>
            <param index="4">
              <value>
                <![CDATA[Password123]]>
              </value>
            </param>
            <param index="5">
              <value>
                <![CDATA[invalid email format data]]>
              </value>
            </param>
            <param index="6">
              <value>
                <![CDATA[Please enter a valid email address (Ex: johndoe@domain.com).]]>
              </value>
            </param>
          </params>
          <reporter-output>
          </reporter-output>
        </test-method> <!-- testUserRegistrationScenarios -->
        <test-method is-config="true" signature="tearDown()[pri:0, instance:com.evy.tests.RegisterTest@7fd50002]" started-at="2024-07-20T15:42:19 IDT" name="tearDown" finished-at="2024-07-20T15:42:19 IDT" duration-ms="485" status="PASS">
          <reporter-output>
          </reporter-output>
        </test-method> <!-- tearDown -->
        <test-method is-config="true" signature="setup()[pri:0, instance:com.evy.tests.RegisterTest@7fd50002]" started-at="2024-07-20T15:42:19 IDT" name="setup" finished-at="2024-07-20T15:42:23 IDT" duration-ms="3857" status="PASS">
          <reporter-output>
          </reporter-output>
        </test-method> <!-- setup -->
        <test-method signature="testUserRegistrationScenarios(java.lang.String,java.lang.String,java.lang.String,java.lang.String,java.lang.String,java.lang.String,java.lang.String)[pri:0, instance:com.evy.tests.RegisterTest@7fd50002]" started-at="2024-07-20T15:42:23 IDT" name="testUserRegistrationScenarios" data-provider="registerData" finished-at="2024-07-20T15:42:28 IDT" duration-ms="5032" status="PASS">
          <params>
            <param index="0">
              <value>
                <![CDATA[Rosemarie]]>
              </value>
            </param>
            <param index="1">
              <value>
                <![CDATA[Mueller]]>
              </value>
            </param>
            <param index="2">
              <value>
                <![CDATA[evy@example.org]]>
              </value>
            </param>
            <param index="3">
              <value>
                <![CDATA[Password123]]>
              </value>
            </param>
            <param index="4">
              <value>
                <![CDATA[Password123]]>
              </value>
            </param>
            <param index="5">
              <value>
                <![CDATA[invalid email in use data]]>
              </value>
            </param>
            <param index="6">
              <value>
                <![CDATA[There is already an account with this email address. If you are sure that it is your email address, click here to get your password and access your account.]]>
              </value>
            </param>
          </params>
          <reporter-output>
          </reporter-output>
        </test-method> <!-- testUserRegistrationScenarios -->
        <test-method is-config="true" signature="tearDown()[pri:0, instance:com.evy.tests.RegisterTest@7fd50002]" started-at="2024-07-20T15:42:28 IDT" name="tearDown" finished-at="2024-07-20T15:42:28 IDT" duration-ms="202" status="PASS">
          <reporter-output>
          </reporter-output>
        </test-method> <!-- tearDown -->
        <test-method is-config="true" signature="setup()[pri:0, instance:com.evy.tests.RegisterTest@7fd50002]" started-at="2024-07-20T15:42:28 IDT" name="setup" finished-at="2024-07-20T15:42:31 IDT" duration-ms="3214" status="PASS">
          <reporter-output>
          </reporter-output>
        </test-method> <!-- setup -->
        <test-method signature="testUserRegistrationScenarios(java.lang.String,java.lang.String,java.lang.String,java.lang.String,java.lang.String,java.lang.String,java.lang.String)[pri:0, instance:com.evy.tests.RegisterTest@7fd50002]" started-at="2024-07-20T15:42:31 IDT" name="testUserRegistrationScenarios" data-provider="registerData" finished-at="2024-07-20T15:42:34 IDT" duration-ms="2230" status="PASS">
          <params>
            <param index="0">
              <value>
                <![CDATA[Annamaria]]>
              </value>
            </param>
            <param index="1">
              <value>
                <![CDATA[Koepp]]>
              </value>
            </param>
            <param index="2">
              <value>
                <![CDATA[mario.mayert@yahoo.com]]>
              </value>
            </param>
            <param index="3">
              <value>
                <![CDATA[Password]]>
              </value>
            </param>
            <param index="4">
              <value>
                <![CDATA[Password]]>
              </value>
            </param>
            <param index="5">
              <value>
                <![CDATA[invalid passwords format data]]>
              </value>
            </param>
            <param index="6">
              <value>
                <![CDATA[Minimum of different classes of characters in password is 3. Classes of characters: Lower Case, Upper Case, Digits, Special Characters.]]>
              </value>
            </param>
          </params>
          <reporter-output>
          </reporter-output>
        </test-method> <!-- testUserRegistrationScenarios -->
        <test-method is-config="true" signature="tearDown()[pri:0, instance:com.evy.tests.RegisterTest@7fd50002]" started-at="2024-07-20T15:42:34 IDT" name="tearDown" finished-at="2024-07-20T15:42:34 IDT" duration-ms="123" status="PASS">
          <reporter-output>
          </reporter-output>
        </test-method> <!-- tearDown -->
        <test-method is-config="true" signature="setup()[pri:0, instance:com.evy.tests.RegisterTest@7fd50002]" started-at="2024-07-20T15:42:34 IDT" name="setup" finished-at="2024-07-20T15:42:35 IDT" duration-ms="1440" status="PASS">
          <reporter-output>
          </reporter-output>
        </test-method> <!-- setup -->
        <test-method signature="testUserRegistrationScenarios(java.lang.String,java.lang.String,java.lang.String,java.lang.String,java.lang.String,java.lang.String,java.lang.String)[pri:0, instance:com.evy.tests.RegisterTest@7fd50002]" started-at="2024-07-20T15:42:35 IDT" name="testUserRegistrationScenarios" data-provider="registerData" finished-at="2024-07-20T15:42:39 IDT" duration-ms="4075" status="PASS">
          <params>
            <param index="0">
              <value>
                <![CDATA[Maurice]]>
              </value>
            </param>
            <param index="1">
              <value>
                <![CDATA[Parisian]]>
              </value>
            </param>
            <param index="2">
              <value>
                <![CDATA[stan.dooley@gmail.com]]>
              </value>
            </param>
            <param index="3">
              <value>
                <![CDATA[password1]]>
              </value>
            </param>
            <param index="4">
              <value>
                <![CDATA[password2]]>
              </value>
            </param>
            <param index="5">
              <value>
                <![CDATA[invalid passwords mismatch data]]>
              </value>
            </param>
            <param index="6">
              <value>
                <![CDATA[Please enter the same value again.]]>
              </value>
            </param>
          </params>
          <reporter-output>
          </reporter-output>
        </test-method> <!-- testUserRegistrationScenarios -->
        <test-method is-config="true" signature="tearDown()[pri:0, instance:com.evy.tests.RegisterTest@7fd50002]" started-at="2024-07-20T15:42:39 IDT" name="tearDown" finished-at="2024-07-20T15:42:39 IDT" duration-ms="89" status="PASS">
          <reporter-output>
          </reporter-output>
        </test-method> <!-- tearDown -->
      </class> <!-- com.evy.tests.RegisterTest -->
      <class name="com.evy.tests.CartTest">
        <test-method is-config="true" signature="setup()[pri:0, instance:com.evy.tests.CartTest@2dfaea86]" started-at="2024-07-20T15:42:26 IDT" name="setup" finished-at="2024-07-20T15:42:29 IDT" duration-ms="3655" status="PASS">
          <reporter-output>
          </reporter-output>
        </test-method> <!-- setup -->
        <test-method signature="testAddProductToCart()[pri:0, instance:com.evy.tests.CartTest@2dfaea86]" started-at="2024-07-20T15:42:29 IDT" name="testAddProductToCart" finished-at="2024-07-20T15:42:35 IDT" duration-ms="5815" status="PASS">
          <reporter-output>
          </reporter-output>
        </test-method> <!-- testAddProductToCart -->
        <test-method is-config="true" signature="tearDown()[pri:0, instance:com.evy.tests.CartTest@2dfaea86]" started-at="2024-07-20T15:42:35 IDT" name="tearDown" finished-at="2024-07-20T15:42:35 IDT" duration-ms="138" status="PASS">
          <reporter-output>
          </reporter-output>
        </test-method> <!-- tearDown -->
        <test-method is-config="true" signature="setup()[pri:0, instance:com.evy.tests.CartTest@2dfaea86]" started-at="2024-07-20T15:42:35 IDT" name="setup" finished-at="2024-07-20T15:42:39 IDT" duration-ms="3393" status="PASS">
          <reporter-output>
          </reporter-output>
        </test-method> <!-- setup -->
        <test-method signature="testUserDeleteProductFromCart()[pri:0, instance:com.evy.tests.CartTest@2dfaea86]" started-at="2024-07-20T15:42:39 IDT" name="testUserDeleteProductFromCart" finished-at="2024-07-20T15:42:47 IDT" duration-ms="8379" status="PASS">
          <reporter-output>
          </reporter-output>
        </test-method> <!-- testUserDeleteProductFromCart -->
        <test-method is-config="true" signature="tearDown()[pri:0, instance:com.evy.tests.CartTest@2dfaea86]" started-at="2024-07-20T15:42:47 IDT" name="tearDown" finished-at="2024-07-20T15:42:47 IDT" duration-ms="103" status="PASS">
          <reporter-output>
          </reporter-output>
        </test-method> <!-- tearDown -->
      </class> <!-- com.evy.tests.CartTest -->
      <class name="com.evy.tests.ProductTest">
        <test-method is-config="true" signature="setup()[pri:0, instance:com.evy.tests.ProductTest@d554c5f]" started-at="2024-07-20T15:41:53 IDT" name="setup" finished-at="2024-07-20T15:42:02 IDT" duration-ms="9172" status="PASS">
          <reporter-output>
          </reporter-output>
        </test-method> <!-- setup -->
        <test-method is-config="true" signature="setup()[pri:0, instance:com.evy.tests.ProductTest@d554c5f]" started-at="2024-07-20T15:41:53 IDT" name="setup" finished-at="2024-07-20T15:42:01 IDT" duration-ms="8058" status="PASS">
          <reporter-output>
          </reporter-output>
        </test-method> <!-- setup -->
        <test-method is-config="true" signature="setup()[pri:0, instance:com.evy.tests.ProductTest@d554c5f]" started-at="2024-07-20T15:41:53 IDT" name="setup" finished-at="2024-07-20T15:42:02 IDT" duration-ms="8979" status="PASS">
          <reporter-output>
          </reporter-output>
        </test-method> <!-- setup -->
        <test-method signature="testUserSetProductQuantity(java.lang.String,java.lang.String,java.lang.String)[pri:0, instance:com.evy.tests.ProductTest@d554c5f]" started-at="2024-07-20T15:42:01 IDT" name="testUserSetProductQuantity" data-provider="productQuantityData" finished-at="2024-07-20T15:42:09 IDT" duration-ms="7472" status="PASS">
          <params>
            <param index="0">
              <value>
                <![CDATA[1]]>
              </value>
            </param>
            <param index="1">
              <value>
                <![CDATA[valid quantity]]>
              </value>
            </param>
            <param index="2">
              <value>
                <![CDATA[You added]]>
              </value>
            </param>
          </params>
          <reporter-output>
          </reporter-output>
        </test-method> <!-- testUserSetProductQuantity -->
        <test-method signature="testUserSetProductSize(java.lang.String,java.lang.String)[pri:0, instance:com.evy.tests.ProductTest@d554c5f]" started-at="2024-07-20T15:42:02 IDT" name="testUserSetProductSize" data-provider="productSizeData" finished-at="2024-07-20T15:42:09 IDT" duration-ms="6797" status="PASS">
          <params>
            <param index="0">
              <value>
                <![CDATA[XS]]>
              </value>
            </param>
            <param index="1">
              <value>
                <![CDATA[You added]]>
              </value>
            </param>
          </params>
          <reporter-output>
          </reporter-output>
        </test-method> <!-- testUserSetProductSize -->
        <test-method signature="testUserSetProductColor(java.lang.String,java.lang.String)[pri:0, instance:com.evy.tests.ProductTest@d554c5f]" started-at="2024-07-20T15:42:02 IDT" name="testUserSetProductColor" data-provider="productColorData" finished-at="2024-07-20T15:42:13 IDT" duration-ms="11246" status="FAIL">
          <params>
            <param index="0">
              <value>
                <![CDATA[Black]]>
              </value>
            </param>
            <param index="1">
              <value>
                <![CDATA[You added]]>
              </value>
            </param>
          </params>
          <exception class="org.openqa.selenium.NoSuchElementException">
            <message>
              <![CDATA[no such element: Unable to locate element: {"method":"css selector","selector":"div[data-bind*='message.text']"}
  (Session info: chrome-headless-shell=126.0.6478.183)
For documentation on this error, please visit: https://www.selenium.dev/documentation/webdriver/troubleshooting/errors#no-such-element-exception
Build info: version: '4.22.0', revision: 'c5f3146703*'
System info: os.name: 'Windows 11', os.arch: 'amd64', os.version: '10.0', java.version: '21'
Driver info: org.openqa.selenium.chrome.ChromeDriver
Command: [5f5e44bcb616f58449b883231d45e9c5, findElement {value=div[data-bind*='message.text'], using=css selector}]
Capabilities {acceptInsecureCerts: false, browserName: chrome-headless-shell, browserVersion: 126.0.6478.183, chrome: {chromedriverVersion: 126.0.6478.182 (5b5d8292ddf..., userDataDir: C:\Users\evyco\AppData\Loca...}, fedcm:accounts: true, goog:chromeOptions: {debuggerAddress: localhost:54711}, networkConnectionEnabled: false, pageLoadStrategy: normal, platformName: windows, proxy: Proxy(), se:cdp: ws://localhost:54711/devtoo..., se:cdpVersion: 126.0.6478.183, setWindowRect: true, strictFileInteractability: false, timeouts: {implicit: 0, pageLoad: 300000, script: 30000}, unhandledPromptBehavior: dismiss and notify, webauthn:extension:credBlob: true, webauthn:extension:largeBlob: true, webauthn:extension:minPinLength: true, webauthn:extension:prf: true, webauthn:virtualAuthenticators: true}
Session ID: 5f5e44bcb616f58449b883231d45e9c5]]>
            </message>
            <full-stacktrace>
              <![CDATA[org.openqa.selenium.NoSuchElementException: no such element: Unable to locate element: {"method":"css selector","selector":"div[data-bind*='message.text']"}
  (Session info: chrome-headless-shell=126.0.6478.183)
For documentation on this error, please visit: https://www.selenium.dev/documentation/webdriver/troubleshooting/errors#no-such-element-exception
Build info: version: '4.22.0', revision: 'c5f3146703*'
System info: os.name: 'Windows 11', os.arch: 'amd64', os.version: '10.0', java.version: '21'
Driver info: org.openqa.selenium.chrome.ChromeDriver
Command: [5f5e44bcb616f58449b883231d45e9c5, findElement {value=div[data-bind*='message.text'], using=css selector}]
Capabilities {acceptInsecureCerts: false, browserName: chrome-headless-shell, browserVersion: 126.0.6478.183, chrome: {chromedriverVersion: 126.0.6478.182 (5b5d8292ddf..., userDataDir: C:\Users\evyco\AppData\Loca...}, fedcm:accounts: true, goog:chromeOptions: {debuggerAddress: localhost:54711}, networkConnectionEnabled: false, pageLoadStrategy: normal, platformName: windows, proxy: Proxy(), se:cdp: ws://localhost:54711/devtoo..., se:cdpVersion: 126.0.6478.183, setWindowRect: true, strictFileInteractability: false, timeouts: {implicit: 0, pageLoad: 300000, script: 30000}, unhandledPromptBehavior: dismiss and notify, webauthn:extension:credBlob: true, webauthn:extension:largeBlob: true, webauthn:extension:minPinLength: true, webauthn:extension:prf: true, webauthn:virtualAuthenticators: true}
Session ID: 5f5e44bcb616f58449b883231d45e9c5
at java.base/jdk.internal.reflect.DirectConstructorHandleAccessor.newInstance(DirectConstructorHandleAccessor.java:62)
at java.base/java.lang.reflect.Constructor.newInstanceWithCaller(Constructor.java:502)
at java.base/java.lang.reflect.Constructor.newInstance(Constructor.java:486)
at org.openqa.selenium.remote.ErrorCodec.decode(ErrorCodec.java:167)
at org.openqa.selenium.remote.codec.w3c.W3CHttpResponseCodec.decode(W3CHttpResponseCodec.java:138)
at org.openqa.selenium.remote.codec.w3c.W3CHttpResponseCodec.decode(W3CHttpResponseCodec.java:50)
at org.openqa.selenium.remote.HttpCommandExecutor.execute(HttpCommandExecutor.java:190)
at org.openqa.selenium.remote.service.DriverCommandExecutor.invokeExecute(DriverCommandExecutor.java:216)
at org.openqa.selenium.remote.service.DriverCommandExecutor.execute(DriverCommandExecutor.java:174)
at org.openqa.selenium.remote.RemoteWebDriver.execute(RemoteWebDriver.java:518)
at org.openqa.selenium.remote.ElementLocation$ElementFinder$2.findElement(ElementLocation.java:165)
at org.openqa.selenium.remote.ElementLocation.findElement(ElementLocation.java:59)
at org.openqa.selenium.remote.RemoteWebDriver.findElement(RemoteWebDriver.java:355)
at org.openqa.selenium.remote.RemoteWebDriver.findElement(RemoteWebDriver.java:349)
at org.openqa.selenium.support.pagefactory.DefaultElementLocator.findElement(DefaultElementLocator.java:68)
at org.openqa.selenium.support.pagefactory.internal.LocatingElementHandler.invoke(LocatingElementHandler.java:38)
at jdk.proxy2/jdk.proxy2.$Proxy58.getText(Unknown Source)
at com.evy.framework.pages.BasePage.getText(BasePage.java:53)
at com.evy.framework.pages.product.ProductPage.getSuccessAddToCartMsg(ProductPage.java:84)
at com.evy.tests.ProductTest.setProductColor(ProductTest.java:132)
at com.evy.tests.ProductTest.testUserSetProductColor(ProductTest.java:73)
at java.base/jdk.internal.reflect.DirectMethodHandleAccessor.invoke(DirectMethodHandleAccessor.java:103)
at java.base/java.lang.reflect.Method.invoke(Method.java:580)
at org.testng.internal.invokers.MethodInvocationHelper.invokeMethod(MethodInvocationHelper.java:141)
at org.testng.internal.invokers.TestInvoker.invokeMethod(TestInvoker.java:686)
at org.testng.internal.invokers.TestInvoker.invokeTestMethod(TestInvoker.java:230)
at org.testng.internal.invokers.MethodRunner.runInSequence(MethodRunner.java:63)
at org.testng.internal.invokers.TestInvoker$MethodInvocationAgent.invoke(TestInvoker.java:992)
at org.testng.internal.invokers.TestInvoker.invokeTestMethods(TestInvoker.java:203)
at org.testng.internal.invokers.TestMethodWorker.invokeTestMethods(TestMethodWorker.java:154)
at org.testng.internal.invokers.TestMethodWorker.run(TestMethodWorker.java:134)
at java.base/java.util.concurrent.Executors$RunnableAdapter.call(Executors.java:572)
at java.base/java.util.concurrent.FutureTask.run(FutureTask.java:317)
at org.testng.internal.thread.graph.TestNGFutureTask.run(TestNGFutureTask.java:22)
at java.base/java.util.concurrent.ThreadPoolExecutor.runWorker(ThreadPoolExecutor.java:1144)
at java.base/java.util.concurrent.ThreadPoolExecutor$Worker.run(ThreadPoolExecutor.java:642)
at java.base/java.lang.Thread.run(Thread.java:1583)
]]>
            </full-stacktrace>
          </exception> <!-- org.openqa.selenium.NoSuchElementException -->
          <reporter-output>
          </reporter-output>
        </test-method> <!-- testUserSetProductColor -->
        <test-method is-config="true" signature="tearDown()[pri:0, instance:com.evy.tests.ProductTest@d554c5f]" started-at="2024-07-20T15:42:09 IDT" name="tearDown" finished-at="2024-07-20T15:42:09 IDT" duration-ms="236" status="PASS">
          <reporter-output>
          </reporter-output>
        </test-method> <!-- tearDown -->
        <test-method is-config="true" signature="tearDown()[pri:0, instance:com.evy.tests.ProductTest@d554c5f]" started-at="2024-07-20T15:42:09 IDT" name="tearDown" finished-at="2024-07-20T15:42:09 IDT" duration-ms="192" status="PASS">
          <reporter-output>
          </reporter-output>
        </test-method> <!-- tearDown -->
        <test-method is-config="true" signature="setup()[pri:0, instance:com.evy.tests.ProductTest@d554c5f]" started-at="2024-07-20T15:42:09 IDT" name="setup" finished-at="2024-07-20T15:42:12 IDT" duration-ms="2884" status="PASS">
          <reporter-output>
          </reporter-output>
        </test-method> <!-- setup -->
        <test-method is-config="true" signature="setup()[pri:0, instance:com.evy.tests.ProductTest@d554c5f]" started-at="2024-07-20T15:42:09 IDT" name="setup" finished-at="2024-07-20T15:42:12 IDT" duration-ms="2899" status="PASS">
          <reporter-output>
          </reporter-output>
        </test-method> <!-- setup -->
        <test-method signature="testUserSetProductSize(java.lang.String,java.lang.String)[pri:0, instance:com.evy.tests.ProductTest@d554c5f]" started-at="2024-07-20T15:42:12 IDT" name="testUserSetProductSize" data-provider="productSizeData" finished-at="2024-07-20T15:42:20 IDT" duration-ms="7857" status="PASS">
          <params>
            <param index="0">
              <value>
                <![CDATA[S]]>
              </value>
            </param>
            <param index="1">
              <value>
                <![CDATA[You added]]>
              </value>
            </param>
          </params>
          <reporter-output>
          </reporter-output>
        </test-method> <!-- testUserSetProductSize -->
        <test-method signature="testUserSetProductQuantity(java.lang.String,java.lang.String,java.lang.String)[pri:0, instance:com.evy.tests.ProductTest@d554c5f]" started-at="2024-07-20T15:42:12 IDT" name="testUserSetProductQuantity" data-provider="productQuantityData" finished-at="2024-07-20T15:42:17 IDT" duration-ms="5641" status="PASS">
          <params>
            <param index="0">
              <value>
                <![CDATA[0]]>
              </value>
            </param>
            <param index="1">
              <value>
                <![CDATA[invalid quantity]]>
              </value>
            </param>
            <param index="2">
              <value>
                <![CDATA[Please enter a quantity greater than 0.]]>
              </value>
            </param>
          </params>
          <reporter-output>
          </reporter-output>
        </test-method> <!-- testUserSetProductQuantity -->
        <test-method is-config="true" signature="tearDown()[pri:0, instance:com.evy.tests.ProductTest@d554c5f]" started-at="2024-07-20T15:42:13 IDT" name="tearDown" finished-at="2024-07-20T15:42:14 IDT" duration-ms="178" status="PASS">
          <reporter-output>
          </reporter-output>
        </test-method> <!-- tearDown -->
        <test-method is-config="true" signature="setup()[pri:0, instance:com.evy.tests.ProductTest@d554c5f]" started-at="2024-07-20T15:42:14 IDT" name="setup" finished-at="2024-07-20T15:42:17 IDT" duration-ms="3333" status="PASS">
          <reporter-output>
          </reporter-output>
        </test-method> <!-- setup -->
        <test-method signature="testUserSetProductColor(java.lang.String,java.lang.String)[pri:0, instance:com.evy.tests.ProductTest@d554c5f]" started-at="2024-07-20T15:42:17 IDT" name="testUserSetProductColor" data-provider="productColorData" finished-at="2024-07-20T15:42:26 IDT" duration-ms="8617" status="PASS">
          <params>
            <param index="0">
              <value>
                <![CDATA[Blue]]>
              </value>
            </param>
            <param index="1">
              <value>
                <![CDATA[You added]]>
              </value>
            </param>
          </params>
          <reporter-output>
          </reporter-output>
        </test-method> <!-- testUserSetProductColor -->
        <test-method is-config="true" signature="tearDown()[pri:0, instance:com.evy.tests.ProductTest@d554c5f]" started-at="2024-07-20T15:42:17 IDT" name="tearDown" finished-at="2024-07-20T15:42:18 IDT" duration-ms="275" status="PASS">
          <reporter-output>
          </reporter-output>
        </test-method> <!-- tearDown -->
        <test-method is-config="true" signature="setup()[pri:0, instance:com.evy.tests.ProductTest@d554c5f]" started-at="2024-07-20T15:42:18 IDT" name="setup" finished-at="2024-07-20T15:42:22 IDT" duration-ms="4006" status="PASS">
          <reporter-output>
          </reporter-output>
        </test-method> <!-- setup -->
        <test-method is-config="true" signature="tearDown()[pri:0, instance:com.evy.tests.ProductTest@d554c5f]" started-at="2024-07-20T15:42:20 IDT" name="tearDown" finished-at="2024-07-20T15:42:20 IDT" duration-ms="160" status="PASS">
          <reporter-output>
          </reporter-output>
        </test-method> <!-- tearDown -->
        <test-method is-config="true" signature="setup()[pri:0, instance:com.evy.tests.ProductTest@d554c5f]" started-at="2024-07-20T15:42:20 IDT" name="setup" finished-at="2024-07-20T15:42:22 IDT" duration-ms="2652" status="PASS">
          <reporter-output>
          </reporter-output>
        </test-method> <!-- setup -->
        <test-method signature="testUserSetProductQuantity(java.lang.String,java.lang.String,java.lang.String)[pri:0, instance:com.evy.tests.ProductTest@d554c5f]" started-at="2024-07-20T15:42:22 IDT" name="testUserSetProductQuantity" data-provider="productQuantityData" finished-at="2024-07-20T15:42:25 IDT" duration-ms="3694" status="PASS">
          <params>
            <param index="0">
              <value>
                <![CDATA[-1]]>
              </value>
            </param>
            <param index="1">
              <value>
                <![CDATA[invalid quantity]]>
              </value>
            </param>
            <param index="2">
              <value>
                <![CDATA[Please enter a quantity greater than 0.]]>
              </value>
            </param>
          </params>
          <reporter-output>
          </reporter-output>
        </test-method> <!-- testUserSetProductQuantity -->
        <test-method signature="testUserSetProductSize(java.lang.String,java.lang.String)[pri:0, instance:com.evy.tests.ProductTest@d554c5f]" started-at="2024-07-20T15:42:22 IDT" name="testUserSetProductSize" data-provider="productSizeData" finished-at="2024-07-20T15:42:29 IDT" duration-ms="6250" status="PASS">
          <params>
            <param index="0">
              <value>
                <![CDATA[M]]>
              </value>
            </param>
            <param index="1">
              <value>
                <![CDATA[You added]]>
              </value>
            </param>
          </params>
          <reporter-output>
          </reporter-output>
        </test-method> <!-- testUserSetProductSize -->
        <test-method is-config="true" signature="tearDown()[pri:0, instance:com.evy.tests.ProductTest@d554c5f]" started-at="2024-07-20T15:42:25 IDT" name="tearDown" finished-at="2024-07-20T15:42:26 IDT" duration-ms="148" status="PASS">
          <reporter-output>
          </reporter-output>
        </test-method> <!-- tearDown -->
        <test-method is-config="true" signature="tearDown()[pri:0, instance:com.evy.tests.ProductTest@d554c5f]" started-at="2024-07-20T15:42:26 IDT" name="tearDown" finished-at="2024-07-20T15:42:26 IDT" duration-ms="133" status="PASS">
          <reporter-output>
          </reporter-output>
        </test-method> <!-- tearDown -->
        <test-method is-config="true" signature="setup()[pri:0, instance:com.evy.tests.ProductTest@d554c5f]" started-at="2024-07-20T15:42:26 IDT" name="setup" finished-at="2024-07-20T15:42:29 IDT" duration-ms="3249" status="PASS">
          <reporter-output>
          </reporter-output>
        </test-method> <!-- setup -->
        <test-method is-config="true" signature="tearDown()[pri:0, instance:com.evy.tests.ProductTest@d554c5f]" started-at="2024-07-20T15:42:29 IDT" name="tearDown" finished-at="2024-07-20T15:42:29 IDT" duration-ms="89" status="PASS">
          <reporter-output>
          </reporter-output>
        </test-method> <!-- tearDown -->
        <test-method is-config="true" signature="setup()[pri:0, instance:com.evy.tests.ProductTest@d554c5f]" started-at="2024-07-20T15:42:29 IDT" name="setup" finished-at="2024-07-20T15:42:32 IDT" duration-ms="2752" status="PASS">
          <reporter-output>
          </reporter-output>
        </test-method> <!-- setup -->
        <test-method signature="testUserSetProductColor(java.lang.String,java.lang.String)[pri:0, instance:com.evy.tests.ProductTest@d554c5f]" started-at="2024-07-20T15:42:29 IDT" name="testUserSetProductColor" data-provider="productColorData" finished-at="2024-07-20T15:42:35 IDT" duration-ms="6036" status="PASS">
          <params>
            <param index="0">
              <value>
                <![CDATA[Orange]]>
              </value>
            </param>
            <param index="1">
              <value>
                <![CDATA[You added]]>
              </value>
            </param>
          </params>
          <reporter-output>
          </reporter-output>
        </test-method> <!-- testUserSetProductColor -->
        <test-method signature="testUserSetProductSize(java.lang.String,java.lang.String)[pri:0, instance:com.evy.tests.ProductTest@d554c5f]" started-at="2024-07-20T15:42:32 IDT" name="testUserSetProductSize" data-provider="productSizeData" finished-at="2024-07-20T15:42:37 IDT" duration-ms="5068" status="PASS">
          <params>
            <param index="0">
              <value>
                <![CDATA[L]]>
              </value>
            </param>
            <param index="1">
              <value>
                <![CDATA[You added]]>
              </value>
            </param>
          </params>
          <reporter-output>
          </reporter-output>
        </test-method> <!-- testUserSetProductSize -->
        <test-method is-config="true" signature="tearDown()[pri:0, instance:com.evy.tests.ProductTest@d554c5f]" started-at="2024-07-20T15:42:35 IDT" name="tearDown" finished-at="2024-07-20T15:42:35 IDT" duration-ms="133" status="PASS">
          <reporter-output>
          </reporter-output>
        </test-method> <!-- tearDown -->
        <test-method is-config="true" signature="tearDown()[pri:0, instance:com.evy.tests.ProductTest@d554c5f]" started-at="2024-07-20T15:42:37 IDT" name="tearDown" finished-at="2024-07-20T15:42:37 IDT" duration-ms="117" status="PASS">
          <reporter-output>
          </reporter-output>
        </test-method> <!-- tearDown -->
        <test-method is-config="true" signature="setup()[pri:0, instance:com.evy.tests.ProductTest@d554c5f]" started-at="2024-07-20T15:42:37 IDT" name="setup" finished-at="2024-07-20T15:42:40 IDT" duration-ms="3614" status="PASS">
          <reporter-output>
          </reporter-output>
        </test-method> <!-- setup -->
        <test-method signature="testUserSetProductSize(java.lang.String,java.lang.String)[pri:0, instance:com.evy.tests.ProductTest@d554c5f]" started-at="2024-07-20T15:42:40 IDT" name="testUserSetProductSize" data-provider="productSizeData" finished-at="2024-07-20T15:42:44 IDT" duration-ms="4044" status="PASS">
          <params>
            <param index="0">
              <value>
                <![CDATA[XL]]>
              </value>
            </param>
            <param index="1">
              <value>
                <![CDATA[You added]]>
              </value>
            </param>
          </params>
          <reporter-output>
          </reporter-output>
        </test-method> <!-- testUserSetProductSize -->
        <test-method is-config="true" signature="tearDown()[pri:0, instance:com.evy.tests.ProductTest@d554c5f]" started-at="2024-07-20T15:42:44 IDT" name="tearDown" finished-at="2024-07-20T15:42:45 IDT" duration-ms="211" status="PASS">
          <reporter-output>
          </reporter-output>
        </test-method> <!-- tearDown -->
      </class> <!-- com.evy.tests.ProductTest -->
    </test> <!-- automated-ui -->
  </suite> <!-- All Test Suite -->
</testng-results>
